Using pre-set license
Built from '2020.2/release' branch; Version is '2020.2.1f1 (270dd8c3da1c) revision 2559448'; Using compiler version '192528614'; Build Type 'Release'
OS: 'Windows 10  (10.0.0) 64bit' Language: 'ru' Physical Memory: 16340 MB
BatchMode: 1, IsHumanControllingUs: 0, StartBugReporterOnCrash: 0, Is64bit: 1, IsPro: 0

 COMMAND LINE ARGUMENTS:
C:\Program Files\Unity\Hub\Editor\2020.2.1f1\Editor\Unity.exe
-adb2
-batchMode
-noUpm
-name
AssetImportWorker0
-projectPath
D:/Unity/MyLand
-logFile
Logs/AssetImportWorker0.log
-srvPort
49190
Successfully changed project path to: D:/Unity/MyLand
D:/Unity/MyLand
Using Asset Import Pipeline V2.
Refreshing native plugins compatible for Editor in 64.86 ms, found 0 plugins.
Preloading 0 native plugins for Editor in 0.00 ms.
Initialize engine version: 2020.2.1f1 (270dd8c3da1c)
[Subsystems] Discovering subsystems at path C:/Program Files/Unity/Hub/Editor/2020.2.1f1/Editor/Data/Resources/UnitySubsystems
[Subsystems] Discovering subsystems at path D:/Unity/MyLand/Assets
GfxDevice: creating device client; threaded=0
Direct3D:
    Version:  Direct3D 11.0 [level 11.1]
    Renderer: NVIDIA GeForce GTX 1070 (ID=0x1be1)
    Vendor:   
    VRAM:     8081 MB
    Driver:   27.21.14.6172
Initialize mono
Mono path[0] = 'C:/Program Files/Unity/Hub/Editor/2020.2.1f1/Editor/Data/Managed'
Mono path[1] = 'C:/Program Files/Unity/Hub/Editor/2020.2.1f1/Editor/Data/MonoBleedingEdge/lib/mono/unityjit'
Mono config path = 'C:/Program Files/Unity/Hub/Editor/2020.2.1f1/Editor/Data/MonoBleedingEdge/etc'
Using monoOptions --debugger-agent=transport=dt_socket,embedding=1,server=y,suspend=n,address=127.0.0.1:56916
Begin MonoManager ReloadAssembly
Registering precompiled unity dll's ...
Register platform support module: C:/Program Files/Unity/Hub/Editor/2020.2.1f1/Editor/Data/PlaybackEngines/WindowsStandaloneSupport/UnityEditor.WindowsStandalone.Extensions.dll
Registered in 0.002901 seconds.
Native extension for WindowsStandalone target not found
Refreshing native plugins compatible for Editor in 51.37 ms, found 0 plugins.
Preloading 0 native plugins for Editor in 0.00 ms.
Invoked RoslynAnalysisRunner static constructor.
RoslynAnalysisRunner will not be running.
RoslynAnalysisRunner has terminated.
Mono: successfully reloaded assembly
- Completed reload, in  1.376 seconds
Platform modules already initialized, skipping
Registering precompiled user dll's ...
Registered in 0.001009 seconds.
Begin MonoManager ReloadAssembly
Native extension for WindowsStandalone target not found
Refreshing native plugins compatible for Editor in 0.48 ms, found 0 plugins.
Preloading 0 native plugins for Editor in 0.00 ms.
Invoked RoslynAnalysisRunner static constructor.
RoslynAnalysisRunner will not be running.
RoslynAnalysisRunner has terminated.
Mono: successfully reloaded assembly
- Completed reload, in  1.203 seconds
Platform modules already initialized, skipping
========================================================================
Worker process is ready to serve import requests
Launched and connected shader compiler UnityShaderCompiler.exe after 0.08 seconds
Refreshing native plugins compatible for Editor in 0.43 ms, found 0 plugins.
Preloading 0 native plugins for Editor in 0.00 ms.
Unloading 1123 Unused Serialized files (Serialized files now loaded: 0)
System memory in use before: 164.0 MB.
System memory in use after: 164.1 MB.

Unloading 10 unused Assets to reduce memory usage. Loaded Objects now: 1613.
Total: 2.983400 ms (FindLiveObjects: 0.205900 ms CreateObjectMapping: 0.038200 ms MarkObjects: 2.203900 ms  DeleteObjects: 0.534100 ms)

========================================================================
Received Import Request.
  path: Assets/Character_System/Ninja/Animations/Ninja@climb_3.fbx
  artifactKey: Guid(8c7059d125db4439e981b4a534c9e84d) Importer(815301076,1909f56bfc062723c751e8b465ee728b)
Start importing Assets/Character_System/Ninja/Animations/Ninja@climb_3.fbx using Guid(8c7059d125db4439e981b4a534c9e84d) Importer(815301076,1909f56bfc062723c751e8b465ee728b)  -> (artifact id: '36cce2e0ff6f880e02d3676dfe97559a') in 0.155248 seconds
  Import took 0.177803 seconds .

========================================================================
Received Import Request.
  Time since last request: 30.788398 seconds.
  path: Assets/Character_System/Ninja/Animations/Ninja@sword_slash25.fbx
  artifactKey: Guid(d0dff8b5c97074251a1ae88a3d3cc49b) Importer(815301076,1909f56bfc062723c751e8b465ee728b)
Start importing Assets/Character_System/Ninja/Animations/Ninja@sword_slash25.fbx using Guid(d0dff8b5c97074251a1ae88a3d3cc49b) Importer(815301076,1909f56bfc062723c751e8b465ee728b)  -> (artifact id: 'a1b2fadfe72c2e097f515cf24184e2c3') in 0.009624 seconds
  Import took 0.012490 seconds .

========================================================================
Received Import Request.
  Time since last request: 0.001958 seconds.
  path: Assets/Character_System/Ninja/Animations/Ninja@sword_slash25.fbx
  artifactKey: Guid(d0dff8b5c97074251a1ae88a3d3cc49b) Importer(815301076,1909f56bfc062723c751e8b465ee728b)
Start importing Assets/Character_System/Ninja/Animations/Ninja@sword_slash25.fbx using Guid(d0dff8b5c97074251a1ae88a3d3cc49b) Importer(815301076,1909f56bfc062723c751e8b465ee728b)  -> (artifact id: 'a1b2fadfe72c2e097f515cf24184e2c3') in 0.008007 seconds
  Import took 0.011209 seconds .

========================================================================
Received Import Request.
  Time since last request: 109.836547 seconds.
  path: Assets/Character_System/Ninja/Animations/Ninja@sword_slash25.fbx
  artifactKey: Guid(d0dff8b5c97074251a1ae88a3d3cc49b) Importer(815301076,1909f56bfc062723c751e8b465ee728b)
Start importing Assets/Character_System/Ninja/Animations/Ninja@sword_slash25.fbx using Guid(d0dff8b5c97074251a1ae88a3d3cc49b) Importer(815301076,1909f56bfc062723c751e8b465ee728b)  -> (artifact id: '4fb0a36af4c05a20ea11f2442a3746d2') in 0.009473 seconds
  Import took 0.014280 seconds .

========================================================================
Received Prepare
Registering precompiled user dll's ...
Registered in 0.001260 seconds.
Begin MonoManager ReloadAssembly
Native extension for WindowsStandalone target not found
Refreshing native plugins compatible for Editor in 0.49 ms, found 0 plugins.
Preloading 0 native plugins for Editor in 0.00 ms.
Invoked RoslynAnalysisRunner static constructor.
RoslynAnalysisRunner will not be running.
RoslynAnalysisRunner has terminated.
Mono: successfully reloaded assembly
- Completed reload, in  0.969 seconds
Platform modules already initialized, skipping
Refreshing native plugins compatible for Editor in 0.53 ms, found 0 plugins.
Preloading 0 native plugins for Editor in 0.00 ms.
Unloading 1111 Unused Serialized files (Serialized files now loaded: 0)
System memory in use before: 164.3 MB.
System memory in use after: 164.4 MB.

Unloading 5 unused Assets to reduce memory usage. Loaded Objects now: 1615.
Total: 2.195000 ms (FindLiveObjects: 0.134600 ms CreateObjectMapping: 0.036600 ms MarkObjects: 1.678200 ms  DeleteObjects: 0.344100 ms)

========================================================================
Received Import Request.
  Time since last request: 604.287320 seconds.
  path: Assets/Scripts/HeroEvents.cs
  artifactKey: Guid(f9fc96f99c6091c489c136591000b8be) Importer(815301076,1909f56bfc062723c751e8b465ee728b)
Start importing Assets/Scripts/HeroEvents.cs using Guid(f9fc96f99c6091c489c136591000b8be) Importer(815301076,1909f56bfc062723c751e8b465ee728b)  -> (artifact id: 'f807bc0ce265b2792b2f6e9013bfc6c8') in 0.008442 seconds
  Import took 0.011612 seconds .

========================================================================
Received Import Request.
  Time since last request: 0.033890 seconds.
  path: Assets/Scripts/HeroEvents.cs
  artifactKey: Guid(f9fc96f99c6091c489c136591000b8be) Importer(815301076,1909f56bfc062723c751e8b465ee728b)
Start importing Assets/Scripts/HeroEvents.cs using Guid(f9fc96f99c6091c489c136591000b8be) Importer(815301076,1909f56bfc062723c751e8b465ee728b)  -> (artifact id: 'f807bc0ce265b2792b2f6e9013bfc6c8') in 0.001799 seconds
  Import took 0.004680 seconds .

========================================================================
Received Import Request.
  Time since last request: 55.768268 seconds.
  path: Assets/Scripts/HeroExtraControl.cs
  artifactKey: Guid(051011a268cf0e34d95a09a71b4acbc4) Importer(815301076,1909f56bfc062723c751e8b465ee728b)
Start importing Assets/Scripts/HeroExtraControl.cs using Guid(051011a268cf0e34d95a09a71b4acbc4) Importer(815301076,1909f56bfc062723c751e8b465ee728b)  -> (artifact id: '69d0d57d77224ef68cda7d39cb2cd2f6') in 0.002171 seconds
  Import took 0.005475 seconds .

========================================================================
Received Prepare
Registering precompiled user dll's ...
Registered in 0.000839 seconds.
Begin MonoManager ReloadAssembly
Native extension for WindowsStandalone target not found
Refreshing native plugins compatible for Editor in 0.42 ms, found 0 plugins.
Preloading 0 native plugins for Editor in 0.00 ms.
Invoked RoslynAnalysisRunner static constructor.
RoslynAnalysisRunner will not be running.
RoslynAnalysisRunner has terminated.
Mono: successfully reloaded assembly
- Completed reload, in  0.988 seconds
Platform modules already initialized, skipping
Refreshing native plugins compatible for Editor in 0.46 ms, found 0 plugins.
Preloading 0 native plugins for Editor in 0.00 ms.
Unloading 1112 Unused Serialized files (Serialized files now loaded: 0)
System memory in use before: 164.4 MB.
System memory in use after: 164.5 MB.

Unloading 5 unused Assets to reduce memory usage. Loaded Objects now: 1618.
Total: 3.300300 ms (FindLiveObjects: 0.242000 ms CreateObjectMapping: 0.046100 ms MarkObjects: 2.362100 ms  DeleteObjects: 0.647500 ms)

========================================================================
Received Import Request.
  Time since last request: 11.752711 seconds.
  path: Assets/Scripts/LightSettings.cs
  artifactKey: Guid(3f312985d3521fd4eba472824128abf4) Importer(815301076,1909f56bfc062723c751e8b465ee728b)
Start importing Assets/Scripts/LightSettings.cs using Guid(3f312985d3521fd4eba472824128abf4) Importer(815301076,1909f56bfc062723c751e8b465ee728b)  -> (artifact id: '6d1302993bee156c084f29b300f834a1') in 0.040913 seconds
  Import took 0.044474 seconds .

========================================================================
Received Import Request.
  Time since last request: 0.013011 seconds.
  path: Assets/Scripts/LightSettings.cs
  artifactKey: Guid(3f312985d3521fd4eba472824128abf4) Importer(815301076,1909f56bfc062723c751e8b465ee728b)
Start importing Assets/Scripts/LightSettings.cs using Guid(3f312985d3521fd4eba472824128abf4) Importer(815301076,1909f56bfc062723c751e8b465ee728b)  -> (artifact id: '6d1302993bee156c084f29b300f834a1') in 0.007808 seconds
  Import took 0.017570 seconds .

========================================================================
Received Import Request.
  Time since last request: 63.069200 seconds.
  path: Assets/Character/Prefab/Ninja.prefab
  artifactKey: Guid(3ea82a6e1687bb4468c35f386c6e4812) Importer(815301076,1909f56bfc062723c751e8b465ee728b)
Start importing Assets/Character/Prefab/Ninja.prefab using Guid(3ea82a6e1687bb4468c35f386c6e4812) Importer(815301076,1909f56bfc062723c751e8b465ee728b) '.' is not allowed in State name

'.' is not allowed in State name

'.' is not allowed in State name

'.' is not allowed in State name

'.' is not allowed in State name

'.' is not allowed in State name

'.' is not allowed in State name
UnityEngine.StackTraceUtility:ExtractStackTrace ()
UnityEditor.EditorUtility:Internal_InstantiateRemoveAllNonAnimationComponentsSingle (UnityEngine.Object,UnityEngine.Vector3,UnityEngine.Quaternion)
UnityEditor.EditorUtility:InstantiateRemoveAllNonAnimationComponents (UnityEngine.Object,UnityEngine.Vector3,UnityEngine.Quaternion)
UnityEditor.EditorUtility:InstantiateForAnimatorPreview (UnityEngine.Object)
UnityEditor.GameObjectInspector/PreviewData:UpdateGameObject (UnityEngine.Object)
UnityEditor.GameObjectInspector/PreviewData:.ctor (UnityEngine.Object)
UnityEditor.GameObjectInspector:GetPreviewData ()
UnityEditor.GameObjectInspector:RenderStaticPreview (string,UnityEngine.Object[],int,int)
UnityEditor.AssetPreviewUpdater:CreatePreviewForAsset (UnityEngine.Object,UnityEngine.Object[],string)

[C:\buildslave\unity\build\Editor/Src/Animation/StateMachine.cpp line 33]

'.' is not allowed in State name
UnityEngine.StackTraceUtility:ExtractStackTrace ()
UnityEditor.EditorUtility:Internal_InstantiateRemoveAllNonAnimationComponentsSingle (UnityEngine.Object,UnityEngine.Vector3,UnityEngine.Quaternion)
UnityEditor.EditorUtility:InstantiateRemoveAllNonAnimationComponents (UnityEngine.Object,UnityEngine.Vector3,UnityEngine.Quaternion)
UnityEditor.EditorUtility:InstantiateForAnimatorPreview (UnityEngine.Object)
UnityEditor.GameObjectInspector/PreviewData:UpdateGameObject (UnityEngine.Object)
UnityEditor.GameObjectInspector/PreviewData:.ctor (UnityEngine.Object)
UnityEditor.GameObjectInspector:GetPreviewData ()
UnityEditor.GameObjectInspector:RenderStaticPreview (string,UnityEngine.Object[],int,int)
UnityEditor.AssetPreviewUpdater:CreatePreviewForAsset (UnityEngine.Object,UnityEngine.Object[],string)

[C:\buildslave\unity\build\Editor/Src/Animation/StateMachine.cpp line 33]

 -> (artifact id: 'ca20faaa631de066f7f8779362856ec5') in 0.393235 seconds
  Import took 0.414449 seconds .

========================================================================
Received Import Request.
  Time since last request: 318.680548 seconds.
  path: Assets/Character_System/Ninja/Source/Source_v3/Materials/Bow_Arrow_PH.mat
  artifactKey: Guid(aba04b9752fe14e37b61d9de1a59e01e) Importer(815301076,1909f56bfc062723c751e8b465ee728b)
Start importing Assets/Character_System/Ninja/Source/Source_v3/Materials/Bow_Arrow_PH.mat using Guid(aba04b9752fe14e37b61d9de1a59e01e) Importer(815301076,1909f56bfc062723c751e8b465ee728b)  -> (artifact id: '1bd37cce3a49b7c8b318e82b45c34c63') in 0.164150 seconds
  Import took 0.167646 seconds .

========================================================================
Received Import Request.
  Time since last request: 0.000323 seconds.
  path: Assets/Character_System/Ninja/Source/Source_v3/Materials/Pistol_PH.mat
  artifactKey: Guid(ea86ea725072f4f20bd96823681598d0) Importer(815301076,1909f56bfc062723c751e8b465ee728b)
Start importing Assets/Character_System/Ninja/Source/Source_v3/Materials/Pistol_PH.mat using Guid(ea86ea725072f4f20bd96823681598d0) Importer(815301076,1909f56bfc062723c751e8b465ee728b)  -> (artifact id: '8383a249429986aea27ed915e6a23dc9') in 0.013499 seconds
  Import took 0.017756 seconds .

========================================================================
Received Import Request.
  Time since last request: 3.277002 seconds.
  path: Assets/Character_System/Ninja/Source/Source_v3/Pistol_PH
  artifactKey: Guid(6f2aaa52b1a360345aa74c946aa1287f) Importer(815301076,1909f56bfc062723c751e8b465ee728b)
Start importing Assets/Character_System/Ninja/Source/Source_v3/Pistol_PH using Guid(6f2aaa52b1a360345aa74c946aa1287f) Importer(815301076,1909f56bfc062723c751e8b465ee728b)  -> (artifact id: '96742ee50e3651016518b4df1e05d290') in 0.026710 seconds
  Import took 0.029933 seconds .

========================================================================
Received Import Request.
  Time since last request: 20.596492 seconds.
  path: Assets/Character_System/Ninja/Textures/Sword_Textures/Materials
  artifactKey: Guid(a3ce2bba19617734ea363396ae728934) Importer(815301076,1909f56bfc062723c751e8b465ee728b)
Start importing Assets/Character_System/Ninja/Textures/Sword_Textures/Materials using Guid(a3ce2bba19617734ea363396ae728934) Importer(815301076,1909f56bfc062723c751e8b465ee728b)  -> (artifact id: 'a1ddcade33800a788d4270e772648203') in 0.033579 seconds
  Import took 0.036865 seconds .

========================================================================
Received Import Request.
  Time since last request: 0.084071 seconds.
  path: Assets/Character_System/Ninja/Textures/Sword_Textures/Materials/ninja_Sword.mat
  artifactKey: Guid(78032e3a4a91f47c8b9c7201f6e1c31e) Importer(815301076,1909f56bfc062723c751e8b465ee728b)
Start importing Assets/Character_System/Ninja/Textures/Sword_Textures/Materials/ninja_Sword.mat using Guid(78032e3a4a91f47c8b9c7201f6e1c31e) Importer(815301076,1909f56bfc062723c751e8b465ee728b)  -> (artifact id: '366f30cbd721cef1bfabcafb140932fd') in 0.033611 seconds
  Import took 0.036619 seconds .

========================================================================
Received Import Request.
  Time since last request: 0.000359 seconds.
  path: Assets/Character_System/Ninja/Textures/Sword_Textures/Materials/trail_Mat.mat
  artifactKey: Guid(92b0dda5fc11e42fda64e07b087b1ae3) Importer(815301076,1909f56bfc062723c751e8b465ee728b)
Start importing Assets/Character_System/Ninja/Textures/Sword_Textures/Materials/trail_Mat.mat using Guid(92b0dda5fc11e42fda64e07b087b1ae3) Importer(815301076,1909f56bfc062723c751e8b465ee728b)  -> (artifact id: '19d148692b3a05e016553066af0b528e') in 0.101135 seconds
  Import took 0.103609 seconds .

========================================================================
Received Import Request.
  Time since last request: 72.620545 seconds.
  path: Assets/Character_System/Ninja/Source/Source_v3/Bow_set_PH/Materials
  artifactKey: Guid(94fe9a8c1a4cf664bb84965f574ac0d1) Importer(815301076,1909f56bfc062723c751e8b465ee728b)
Start importing Assets/Character_System/Ninja/Source/Source_v3/Bow_set_PH/Materials using Guid(94fe9a8c1a4cf664bb84965f574ac0d1) Importer(815301076,1909f56bfc062723c751e8b465ee728b)  -> (artifact id: 'f97d551b7dbdaa7b5b595905d9b66c4d') in 0.002776 seconds
  Import took 0.005304 seconds .

========================================================================
Received Import Request.
  Time since last request: 0.077460 seconds.
  path: Assets/Character_System/Ninja/Source/Source_v3/Bow_set_PH/Materials/Bow_Arrow.mat
  artifactKey: Guid(75b5941e01e6d4b48beb3894c5ca5259) Importer(815301076,1909f56bfc062723c751e8b465ee728b)
Start importing Assets/Character_System/Ninja/Source/Source_v3/Bow_set_PH/Materials/Bow_Arrow.mat using Guid(75b5941e01e6d4b48beb3894c5ca5259) Importer(815301076,1909f56bfc062723c751e8b465ee728b)  -> (artifact id: '2f09e47fa333c5da0f6c6e5ccd316e89') in 0.030720 seconds
  Import took 0.033990 seconds .

========================================================================
Received Import Request.
  Time since last request: 57.144430 seconds.
  path: Assets/Character_System/Ninja/Textures/Sword_Textures/sword_mat.mat
  artifactKey: Guid(6ae74a2bb69efe3409bb67e35dfdda56) Importer(815301076,1909f56bfc062723c751e8b465ee728b)
Start importing Assets/Character_System/Ninja/Textures/Sword_Textures/sword_mat.mat using Guid(6ae74a2bb69efe3409bb67e35dfdda56) Importer(815301076,1909f56bfc062723c751e8b465ee728b)  -> (artifact id: 'b248c98b31f460492b50638d8437fde5') in 0.011046 seconds
  Import took 0.015195 seconds .

========================================================================
Received Prepare
Registering precompiled user dll's ...
Registered in 0.000820 seconds.
Begin MonoManager ReloadAssembly
Native extension for WindowsStandalone target not found
Refreshing native plugins compatible for Editor in 0.70 ms, found 0 plugins.
Preloading 0 native plugins for Editor in 0.00 ms.
Invoked RoslynAnalysisRunner static constructor.
RoslynAnalysisRunner will not be running.
RoslynAnalysisRunner has terminated.
Mono: successfully reloaded assembly
- Completed reload, in  1.079 seconds
Platform modules already initialized, skipping
Refreshing native plugins compatible for Editor in 0.46 ms, found 0 plugins.
Preloading 0 native plugins for Editor in 0.00 ms.
Unloading 1112 Unused Serialized files (Serialized files now loaded: 0)
System memory in use before: 168.1 MB.
System memory in use after: 168.2 MB.

Unloading 5 unused Assets to reduce memory usage. Loaded Objects now: 1663.
Total: 2.796800 ms (FindLiveObjects: 0.200400 ms CreateObjectMapping: 0.048900 ms MarkObjects: 2.166100 ms  DeleteObjects: 0.380100 ms)

========================================================================
Received Import Request.
  Time since last request: 290.343868 seconds.
  path: Assets/Character/Prefab/Sword.prefab
  artifactKey: Guid(592dbb9148c39424fa9803c7bd12bb39) Importer(815301076,1909f56bfc062723c751e8b465ee728b)
Start importing Assets/Character/Prefab/Sword.prefab using Guid(592dbb9148c39424fa9803c7bd12bb39) Importer(815301076,1909f56bfc062723c751e8b465ee728b)  -> (artifact id: 'b74378f31bcf9b97f7017c7d7fadf9e6') in 0.116673 seconds
  Import took 0.120101 seconds .

========================================================================
Received Import Request.
  Time since last request: 133.573831 seconds.
  path: Assets/Character/Prefab/Sword.prefab
  artifactKey: Guid(592dbb9148c39424fa9803c7bd12bb39) Importer(815301076,1909f56bfc062723c751e8b465ee728b)
Start importing Assets/Character/Prefab/Sword.prefab using Guid(592dbb9148c39424fa9803c7bd12bb39) Importer(815301076,1909f56bfc062723c751e8b465ee728b)  -> (artifact id: '0cd0d0d64929296eaee0e9d36cabe175') in 0.016517 seconds
  Import took 0.020026 seconds .

========================================================================
Received Import Request.
  Time since last request: 136.394289 seconds.
  path: Assets/Character_System/Scripts/HeroCtrl.cs
  artifactKey: Guid(b45327cc20e7e48f0aac069f9f259b72) Importer(815301076,1909f56bfc062723c751e8b465ee728b)
Start importing Assets/Character_System/Scripts/HeroCtrl.cs using Guid(b45327cc20e7e48f0aac069f9f259b72) Importer(815301076,1909f56bfc062723c751e8b465ee728b)  -> (artifact id: 'ebfa241ced0cf5ff012e8dd761032215') in 0.021809 seconds
  Import took 0.027051 seconds .

========================================================================
Received Prepare
Registering precompiled user dll's ...
Registered in 0.000977 seconds.
Begin MonoManager ReloadAssembly
Native extension for WindowsStandalone target not found
Refreshing native plugins compatible for Editor in 0.64 ms, found 0 plugins.
Preloading 0 native plugins for Editor in 0.00 ms.
Invoked RoslynAnalysisRunner static constructor.
RoslynAnalysisRunner will not be running.
RoslynAnalysisRunner has terminated.
Mono: successfully reloaded assembly
- Completed reload, in  1.439 seconds
Platform modules already initialized, skipping
Refreshing native plugins compatible for Editor in 0.61 ms, found 0 plugins.
Preloading 0 native plugins for Editor in 0.00 ms.
Unloading 1112 Unused Serialized files (Serialized files now loaded: 0)
System memory in use before: 168.2 MB.
System memory in use after: 168.2 MB.

Unloading 5 unused Assets to reduce memory usage. Loaded Objects now: 1666.
Total: 3.483500 ms (FindLiveObjects: 0.261800 ms CreateObjectMapping: 0.083000 ms MarkObjects: 2.637000 ms  DeleteObjects: 0.500000 ms)

========================================================================
Received Import Request.
  Time since last request: 47.943312 seconds.
  path: Assets/Character_System/Zipped_CharSys_3.5x/CharSys_v3.3.zip
  artifactKey: Guid(447637d38da9d45a4956f6ef2d989bb1) Importer(815301076,1909f56bfc062723c751e8b465ee728b)
Start importing Assets/Character_System/Zipped_CharSys_3.5x/CharSys_v3.3.zip using Guid(447637d38da9d45a4956f6ef2d989bb1) Importer(815301076,1909f56bfc062723c751e8b465ee728b)  -> (artifact id: '4b65fad24d55300f423d942c39502a85') in 0.096025 seconds
  Import took 0.098768 seconds .

========================================================================
Received Import Request.
  Time since last request: 52.615120 seconds.
  path: Assets/Environment
  artifactKey: Guid(d9d77ba1e2224fe4b823acfa5830153d) Importer(815301076,1909f56bfc062723c751e8b465ee728b)
Start importing Assets/Environment using Guid(d9d77ba1e2224fe4b823acfa5830153d) Importer(815301076,1909f56bfc062723c751e8b465ee728b)  -> (artifact id: '81fb9d16d2c7025e3d60b07553626e89') in 0.001657 seconds
  Import took 0.004506 seconds .

========================================================================
Received Prepare
Registering precompiled user dll's ...
Registered in 0.000954 seconds.
Begin MonoManager ReloadAssembly
Native extension for WindowsStandalone target not found
Refreshing native plugins compatible for Editor in 0.53 ms, found 0 plugins.
Preloading 0 native plugins for Editor in 0.00 ms.
Invoked RoslynAnalysisRunner static constructor.
RoslynAnalysisRunner will not be running.
RoslynAnalysisRunner has terminated.
Mono: successfully reloaded assembly
- Completed reload, in  0.940 seconds
Platform modules already initialized, skipping
Refreshing native plugins compatible for Editor in 0.44 ms, found 0 plugins.
Preloading 0 native plugins for Editor in 0.00 ms.
Unloading 1112 Unused Serialized files (Serialized files now loaded: 0)
System memory in use before: 168.2 MB.
System memory in use after: 168.2 MB.

Unloading 5 unused Assets to reduce memory usage. Loaded Objects now: 1668.
Total: 2.122600 ms (FindLiveObjects: 0.144900 ms CreateObjectMapping: 0.037700 ms MarkObjects: 1.548100 ms  DeleteObjects: 0.390000 ms)

========================================================================
Received Prepare
Registering precompiled user dll's ...
Registered in 0.000792 seconds.
Begin MonoManager ReloadAssembly
Native extension for WindowsStandalone target not found
Refreshing native plugins compatible for Editor in 0.42 ms, found 0 plugins.
Preloading 0 native plugins for Editor in 0.00 ms.
Invoked RoslynAnalysisRunner static constructor.
RoslynAnalysisRunner will not be running.
RoslynAnalysisRunner has terminated.
Mono: successfully reloaded assembly
- Completed reload, in  0.927 seconds
Platform modules already initialized, skipping
Refreshing native plugins compatible for Editor in 0.45 ms, found 0 plugins.
Preloading 0 native plugins for Editor in 0.00 ms.
Unloading 1112 Unused Serialized files (Serialized files now loaded: 0)
System memory in use before: 168.2 MB.
System memory in use after: 168.3 MB.

Unloading 5 unused Assets to reduce memory usage. Loaded Objects now: 1670.
Total: 2.380000 ms (FindLiveObjects: 0.161200 ms CreateObjectMapping: 0.047300 ms MarkObjects: 1.805100 ms  DeleteObjects: 0.364700 ms)

========================================================================
Received Prepare
Registering precompiled user dll's ...
Registered in 0.001138 seconds.
Begin MonoManager ReloadAssembly
Native extension for WindowsStandalone target not found
Refreshing native plugins compatible for Editor in 0.45 ms, found 0 plugins.
Preloading 0 native plugins for Editor in 0.00 ms.
Invoked RoslynAnalysisRunner static constructor.
RoslynAnalysisRunner will not be running.
RoslynAnalysisRunner has terminated.
Mono: successfully reloaded assembly
- Completed reload, in  0.934 seconds
Platform modules already initialized, skipping
Refreshing native plugins compatible for Editor in 0.45 ms, found 0 plugins.
Preloading 0 native plugins for Editor in 0.00 ms.
Unloading 1112 Unused Serialized files (Serialized files now loaded: 0)
System memory in use before: 168.2 MB.
System memory in use after: 168.3 MB.

Unloading 5 unused Assets to reduce memory usage. Loaded Objects now: 1672.
Total: 2.167600 ms (FindLiveObjects: 0.178900 ms CreateObjectMapping: 0.043600 ms MarkObjects: 1.544000 ms  DeleteObjects: 0.399300 ms)

========================================================================
Received Prepare
Registering precompiled user dll's ...
Registered in 0.001187 seconds.
Begin MonoManager ReloadAssembly
Native extension for WindowsStandalone target not found
Refreshing native plugins compatible for Editor in 0.48 ms, found 0 plugins.
Preloading 0 native plugins for Editor in 0.00 ms.
Invoked RoslynAnalysisRunner static constructor.
RoslynAnalysisRunner will not be running.
RoslynAnalysisRunner has terminated.
Mono: successfully reloaded assembly
- Completed reload, in  0.905 seconds
Platform modules already initialized, skipping
Refreshing native plugins compatible for Editor in 0.57 ms, found 0 plugins.
Preloading 0 native plugins for Editor in 0.00 ms.
Unloading 1111 Unused Serialized files (Serialized files now loaded: 0)
System memory in use before: 168.2 MB.
System memory in use after: 168.2 MB.

Unloading 6 unused Assets to reduce memory usage. Loaded Objects now: 1673.
Total: 2.657100 ms (FindLiveObjects: 0.166700 ms CreateObjectMapping: 0.036500 ms MarkObjects: 2.073800 ms  DeleteObjects: 0.379200 ms)

========================================================================
Received Import Request.
  Time since last request: 174.858782 seconds.
  path: Assets/Character/Scripts/HeroEventsCtrl.cs
  artifactKey: Guid(af360982f42edca4e884c5573af19670) Importer(815301076,1909f56bfc062723c751e8b465ee728b)
Start importing Assets/Character/Scripts/HeroEventsCtrl.cs using Guid(af360982f42edca4e884c5573af19670) Importer(815301076,1909f56bfc062723c751e8b465ee728b)  -> (artifact id: '76611e01c8abbc9291e1517daaf74a73') in 0.005420 seconds
  Import took 0.008698 seconds .

========================================================================
Received Prepare
Registering precompiled user dll's ...
Registered in 0.000721 seconds.
Begin MonoManager ReloadAssembly
Native extension for WindowsStandalone target not found
Refreshing native plugins compatible for Editor in 0.80 ms, found 0 plugins.
Preloading 0 native plugins for Editor in 0.00 ms.
Invoked RoslynAnalysisRunner static constructor.
RoslynAnalysisRunner will not be running.
RoslynAnalysisRunner has terminated.
Mono: successfully reloaded assembly
- Completed reload, in  0.951 seconds
Platform modules already initialized, skipping
Refreshing native plugins compatible for Editor in 0.51 ms, found 0 plugins.
Preloading 0 native plugins for Editor in 0.00 ms.
Unloading 1112 Unused Serialized files (Serialized files now loaded: 0)
System memory in use before: 168.2 MB.
System memory in use after: 168.3 MB.

Unloading 5 unused Assets to reduce memory usage. Loaded Objects now: 1676.
Total: 2.186900 ms (FindLiveObjects: 0.169600 ms CreateObjectMapping: 0.038900 ms MarkObjects: 1.623100 ms  DeleteObjects: 0.353900 ms)

========================================================================
Received Prepare
Registering precompiled user dll's ...
Registered in 0.001400 seconds.
Begin MonoManager ReloadAssembly
Native extension for WindowsStandalone target not found
Refreshing native plugins compatible for Editor in 0.70 ms, found 0 plugins.
Preloading 0 native plugins for Editor in 0.00 ms.
Invoked RoslynAnalysisRunner static constructor.
RoslynAnalysisRunner will not be running.
RoslynAnalysisRunner has terminated.
Mono: successfully reloaded assembly
- Completed reload, in  1.000 seconds
Platform modules already initialized, skipping
Refreshing native plugins compatible for Editor in 0.47 ms, found 0 plugins.
Preloading 0 native plugins for Editor in 0.00 ms.
Unloading 1112 Unused Serialized files (Serialized files now loaded: 0)
System memory in use before: 168.2 MB.
System memory in use after: 168.3 MB.

Unloading 5 unused Assets to reduce memory usage. Loaded Objects now: 1678.
Total: 2.826700 ms (FindLiveObjects: 0.273400 ms CreateObjectMapping: 0.051200 ms MarkObjects: 2.099800 ms  DeleteObjects: 0.401000 ms)

========================================================================
Received Import Request.
  Time since last request: 122.411520 seconds.
  path: Assets/Character/Scripts/HeroEventsCtrl.cs
  artifactKey: Guid(af360982f42edca4e884c5573af19670) Importer(815301076,1909f56bfc062723c751e8b465ee728b)
Start importing Assets/Character/Scripts/HeroEventsCtrl.cs using Guid(af360982f42edca4e884c5573af19670) Importer(815301076,1909f56bfc062723c751e8b465ee728b)  -> (artifact id: 'eceb0a61e99a44e050016a3792881c81') in 0.003879 seconds
  Import took 0.006527 seconds .

========================================================================
Received Import Request.
  Time since last request: 0.002135 seconds.
  path: Assets/Character/Scripts/HeroEventsCtrl.cs
  artifactKey: Guid(af360982f42edca4e884c5573af19670) Importer(815301076,1909f56bfc062723c751e8b465ee728b)
Start importing Assets/Character/Scripts/HeroEventsCtrl.cs using Guid(af360982f42edca4e884c5573af19670) Importer(815301076,1909f56bfc062723c751e8b465ee728b)  -> (artifact id: 'eceb0a61e99a44e050016a3792881c81') in 0.002197 seconds
  Import took 0.005750 seconds .

========================================================================
Received Import Request.
  Time since last request: 0.954421 seconds.
  path: Assets/Character/Scripts/HeroEvents.cs
  artifactKey: Guid(f9fc96f99c6091c489c136591000b8be) Importer(815301076,1909f56bfc062723c751e8b465ee728b)
Start importing Assets/Character/Scripts/HeroEvents.cs using Guid(f9fc96f99c6091c489c136591000b8be) Importer(815301076,1909f56bfc062723c751e8b465ee728b)  -> (artifact id: '7650c7f9a541bd2da8e137bcf5b99e95') in 0.001865 seconds
  Import took 0.004631 seconds .

========================================================================
Received Import Request.
  Time since last request: 0.000644 seconds.
  path: Assets/Character/Scripts/HeroEvents.cs
  artifactKey: Guid(f9fc96f99c6091c489c136591000b8be) Importer(815301076,1909f56bfc062723c751e8b465ee728b)
Start importing Assets/Character/Scripts/HeroEvents.cs using Guid(f9fc96f99c6091c489c136591000b8be) Importer(815301076,1909f56bfc062723c751e8b465ee728b)  -> (artifact id: '7650c7f9a541bd2da8e137bcf5b99e95') in 0.002097 seconds
  Import took 0.004442 seconds .

========================================================================
Received Import Request.
  Time since last request: 65.357564 seconds.
  path: Assets/Character/Prefab/Ninja.prefab
  artifactKey: Guid(3ea82a6e1687bb4468c35f386c6e4812) Importer(815301076,1909f56bfc062723c751e8b465ee728b)
Start importing Assets/Character/Prefab/Ninja.prefab using Guid(3ea82a6e1687bb4468c35f386c6e4812) Importer(815301076,1909f56bfc062723c751e8b465ee728b) '.' is not allowed in State name

'.' is not allowed in State name

'.' is not allowed in State name

'.' is not allowed in State name

'.' is not allowed in State name

'.' is not allowed in State name

'.' is not allowed in State name
UnityEngine.StackTraceUtility:ExtractStackTrace ()
UnityEditor.EditorUtility:Internal_InstantiateRemoveAllNonAnimationComponentsSingle (UnityEngine.Object,UnityEngine.Vector3,UnityEngine.Quaternion)
UnityEditor.EditorUtility:InstantiateRemoveAllNonAnimationComponents (UnityEngine.Object,UnityEngine.Vector3,UnityEngine.Quaternion)
UnityEditor.EditorUtility:InstantiateForAnimatorPreview (UnityEngine.Object)
UnityEditor.GameObjectInspector/PreviewData:UpdateGameObject (UnityEngine.Object)
UnityEditor.GameObjectInspector/PreviewData:.ctor (UnityEngine.Object)
UnityEditor.GameObjectInspector:GetPreviewData ()
UnityEditor.GameObjectInspector:RenderStaticPreview (string,UnityEngine.Object[],int,int)
UnityEditor.AssetPreviewUpdater:CreatePreviewForAsset (UnityEngine.Object,UnityEngine.Object[],string)

[C:\buildslave\unity\build\Editor/Src/Animation/StateMachine.cpp line 33]

'.' is not allowed in State name
UnityEngine.StackTraceUtility:ExtractStackTrace ()
UnityEditor.EditorUtility:Internal_InstantiateRemoveAllNonAnimationComponentsSingle (UnityEngine.Object,UnityEngine.Vector3,UnityEngine.Quaternion)
UnityEditor.EditorUtility:InstantiateRemoveAllNonAnimationComponents (UnityEngine.Object,UnityEngine.Vector3,UnityEngine.Quaternion)
UnityEditor.EditorUtility:InstantiateForAnimatorPreview (UnityEngine.Object)
UnityEditor.GameObjectInspector/PreviewData:UpdateGameObject (UnityEngine.Object)
UnityEditor.GameObjectInspector/PreviewData:.ctor (UnityEngine.Object)
UnityEditor.GameObjectInspector:GetPreviewData ()
UnityEditor.GameObjectInspector:RenderStaticPreview (string,UnityEngine.Object[],int,int)
UnityEditor.AssetPreviewUpdater:CreatePreviewForAsset (UnityEngine.Object,UnityEngine.Object[],string)

[C:\buildslave\unity\build\Editor/Src/Animation/StateMachine.cpp line 33]

 -> (artifact id: '37e87b8a773901c38e878c4a9a200fae') in 0.291191 seconds
  Import took 0.318007 seconds .

========================================================================
Received Import Request.
  Time since last request: 433.602723 seconds.
  path: Assets/Character/Ninja/Animations/Ninja@jogging.fbx
  artifactKey: Guid(bcc56c5fe280748e889e49cbca487abf) Importer(815301076,1909f56bfc062723c751e8b465ee728b)
Start importing Assets/Character/Ninja/Animations/Ninja@jogging.fbx using Guid(bcc56c5fe280748e889e49cbca487abf) Importer(815301076,1909f56bfc062723c751e8b465ee728b)  -> (artifact id: 'd28c89ecc26eef934dbfcda626d23075') in 0.029138 seconds
  Import took 0.032754 seconds .

========================================================================
Received Import Request.
  Time since last request: 74.302553 seconds.
  path: Assets/Character/Ninja/Animations/Ninja@jogging_L.fbx
  artifactKey: Guid(c8d94336987794f00913f0a7d4ee1236) Importer(815301076,1909f56bfc062723c751e8b465ee728b)
Start importing Assets/Character/Ninja/Animations/Ninja@jogging_L.fbx using Guid(c8d94336987794f00913f0a7d4ee1236) Importer(815301076,1909f56bfc062723c751e8b465ee728b)  -> (artifact id: 'b0187d0a297df214d437eca9d2f83df0') in 0.020572 seconds
  Import took 0.023275 seconds .

========================================================================
Received Import Request.
  Time since last request: 10.635954 seconds.
  path: Assets/Character/Ninja/Animations/Ninja@jogging_R.fbx
  artifactKey: Guid(5103656cda568402482d425438e5356c) Importer(815301076,1909f56bfc062723c751e8b465ee728b)
Start importing Assets/Character/Ninja/Animations/Ninja@jogging_R.fbx using Guid(5103656cda568402482d425438e5356c) Importer(815301076,1909f56bfc062723c751e8b465ee728b)  -> (artifact id: '20af6c255979513a90461c31211aaec0') in 0.009479 seconds
  Import took 0.012281 seconds .

========================================================================
Received Import Request.
  Time since last request: 105.583188 seconds.
  path: Assets/Character/Prefab/Ninja.prefab
  artifactKey: Guid(3ea82a6e1687bb4468c35f386c6e4812) Importer(815301076,1909f56bfc062723c751e8b465ee728b)
Start importing Assets/Character/Prefab/Ninja.prefab using Guid(3ea82a6e1687bb4468c35f386c6e4812) Importer(815301076,1909f56bfc062723c751e8b465ee728b) '.' is not allowed in State name

'.' is not allowed in State name

'.' is not allowed in State name

'.' is not allowed in State name

'.' is not allowed in State name

'.' is not allowed in State name

'.' is not allowed in State name
UnityEngine.StackTraceUtility:ExtractStackTrace ()
UnityEditor.EditorUtility:Internal_InstantiateRemoveAllNonAnimationComponentsSingle (UnityEngine.Object,UnityEngine.Vector3,UnityEngine.Quaternion)
UnityEditor.EditorUtility:InstantiateRemoveAllNonAnimationComponents (UnityEngine.Object,UnityEngine.Vector3,UnityEngine.Quaternion)
UnityEditor.EditorUtility:InstantiateForAnimatorPreview (UnityEngine.Object)
UnityEditor.GameObjectInspector/PreviewData:UpdateGameObject (UnityEngine.Object)
UnityEditor.GameObjectInspector/PreviewData:.ctor (UnityEngine.Object)
UnityEditor.GameObjectInspector:GetPreviewData ()
UnityEditor.GameObjectInspector:RenderStaticPreview (string,UnityEngine.Object[],int,int)
UnityEditor.AssetPreviewUpdater:CreatePreviewForAsset (UnityEngine.Object,UnityEngine.Object[],string)

[C:\buildslave\unity\build\Editor/Src/Animation/StateMachine.cpp line 33]

'.' is not allowed in State name
UnityEngine.StackTraceUtility:ExtractStackTrace ()
UnityEditor.EditorUtility:Internal_InstantiateRemoveAllNonAnimationComponentsSingle (UnityEngine.Object,UnityEngine.Vector3,UnityEngine.Quaternion)
UnityEditor.EditorUtility:InstantiateRemoveAllNonAnimationComponents (UnityEngine.Object,UnityEngine.Vector3,UnityEngine.Quaternion)
UnityEditor.EditorUtility:InstantiateForAnimatorPreview (UnityEngine.Object)
UnityEditor.GameObjectInspector/PreviewData:UpdateGameObject (UnityEngine.Object)
UnityEditor.GameObjectInspector/PreviewData:.ctor (UnityEngine.Object)
UnityEditor.GameObjectInspector:GetPreviewData ()
UnityEditor.GameObjectInspector:RenderStaticPreview (string,UnityEngine.Object[],int,int)
UnityEditor.AssetPreviewUpdater:CreatePreviewForAsset (UnityEngine.Object,UnityEngine.Object[],string)

[C:\buildslave\unity\build\Editor/Src/Animation/StateMachine.cpp line 33]

 -> (artifact id: '241cb19ddaecfb4eb26cc262b5a42ed1') in 0.200682 seconds
  Import took 0.223161 seconds .

========================================================================
Received Prepare
Registering precompiled user dll's ...
Registered in 0.000800 seconds.
Begin MonoManager ReloadAssembly
Native extension for WindowsStandalone target not found
Refreshing native plugins compatible for Editor in 0.52 ms, found 0 plugins.
Preloading 0 native plugins for Editor in 0.00 ms.
Invoked RoslynAnalysisRunner static constructor.
RoslynAnalysisRunner will not be running.
RoslynAnalysisRunner has terminated.
Mono: successfully reloaded assembly
- Completed reload, in  1.004 seconds
Platform modules already initialized, skipping
Refreshing native plugins compatible for Editor in 0.76 ms, found 0 plugins.
Preloading 0 native plugins for Editor in 0.00 ms.
Unloading 1112 Unused Serialized files (Serialized files now loaded: 0)
System memory in use before: 168.3 MB.
System memory in use after: 168.3 MB.

Unloading 5 unused Assets to reduce memory usage. Loaded Objects now: 1681.
Total: 2.396400 ms (FindLiveObjects: 0.202700 ms CreateObjectMapping: 0.039100 ms MarkObjects: 1.760300 ms  DeleteObjects: 0.393200 ms)

========================================================================
Received Prepare
Registering precompiled user dll's ...
Registered in 0.000804 seconds.
Begin MonoManager ReloadAssembly
Native extension for WindowsStandalone target not found
Refreshing native plugins compatible for Editor in 0.81 ms, found 0 plugins.
Preloading 0 native plugins for Editor in 0.00 ms.
Invoked RoslynAnalysisRunner static constructor.
RoslynAnalysisRunner will not be running.
RoslynAnalysisRunner has terminated.
Mono: successfully reloaded assembly
- Completed reload, in  0.945 seconds
Platform modules already initialized, skipping
Refreshing native plugins compatible for Editor in 0.47 ms, found 0 plugins.
Preloading 0 native plugins for Editor in 0.00 ms.
Unloading 1112 Unused Serialized files (Serialized files now loaded: 0)
System memory in use before: 168.3 MB.
System memory in use after: 168.3 MB.

Unloading 5 unused Assets to reduce memory usage. Loaded Objects now: 1683.
Total: 2.223300 ms (FindLiveObjects: 0.202100 ms CreateObjectMapping: 0.045200 ms MarkObjects: 1.604200 ms  DeleteObjects: 0.370300 ms)

========================================================================
Received Prepare
Registering precompiled user dll's ...
Registered in 0.001746 seconds.
Begin MonoManager ReloadAssembly
Native extension for WindowsStandalone target not found
Refreshing native plugins compatible for Editor in 0.69 ms, found 0 plugins.
Preloading 0 native plugins for Editor in 0.00 ms.
Invoked RoslynAnalysisRunner static constructor.
RoslynAnalysisRunner will not be running.
RoslynAnalysisRunner has terminated.
Mono: successfully reloaded assembly
- Completed reload, in  1.812 seconds
Platform modules already initialized, skipping
Refreshing native plugins compatible for Editor in 0.68 ms, found 0 plugins.
Preloading 0 native plugins for Editor in 0.00 ms.
Unloading 1112 Unused Serialized files (Serialized files now loaded: 0)
System memory in use before: 168.3 MB.
System memory in use after: 168.4 MB.

Unloading 5 unused Assets to reduce memory usage. Loaded Objects now: 1685.
Total: 3.594300 ms (FindLiveObjects: 0.240000 ms CreateObjectMapping: 0.069000 ms MarkObjects: 2.562400 ms  DeleteObjects: 0.720800 ms)

========================================================================
Received Prepare
Registering precompiled user dll's ...
Registered in 0.001097 seconds.
Begin MonoManager ReloadAssembly
Native extension for WindowsStandalone target not found
Refreshing native plugins compatible for Editor in 0.41 ms, found 0 plugins.
Preloading 0 native plugins for Editor in 0.00 ms.
Invoked RoslynAnalysisRunner static constructor.
RoslynAnalysisRunner will not be running.
RoslynAnalysisRunner has terminated.
Mono: successfully reloaded assembly
- Completed reload, in  0.859 seconds
Platform modules already initialized, skipping
Refreshing native plugins compatible for Editor in 0.51 ms, found 0 plugins.
Preloading 0 native plugins for Editor in 0.00 ms.
Unloading 1112 Unused Serialized files (Serialized files now loaded: 0)
System memory in use before: 168.3 MB.
System memory in use after: 168.4 MB.

Unloading 5 unused Assets to reduce memory usage. Loaded Objects now: 1687.
Total: 2.218100 ms (FindLiveObjects: 0.190900 ms CreateObjectMapping: 0.038400 ms MarkObjects: 1.597200 ms  DeleteObjects: 0.390700 ms)

========================================================================
Received Import Request.
  Time since last request: 717.903712 seconds.
  path: Assets/Environment/Pictures
  artifactKey: Guid(53c6424f4a499b74d9e1625bc6badb5a) Importer(815301076,1909f56bfc062723c751e8b465ee728b)
Start importing Assets/Environment/Pictures using Guid(53c6424f4a499b74d9e1625bc6badb5a) Importer(815301076,1909f56bfc062723c751e8b465ee728b)  -> (artifact id: '2d4b24c13f8bc7d468b94f960108c6b7') in 0.006142 seconds
  Import took 0.009919 seconds .

========================================================================
Received Import Request.
  Time since last request: 168.032791 seconds.
  path: Assets/Editor/ContrtollerOverride.cs
  artifactKey: Guid(c66eb47f29f8e724e9ea68af8b355d95) Importer(815301076,1909f56bfc062723c751e8b465ee728b)
Start importing Assets/Editor/ContrtollerOverride.cs using Guid(c66eb47f29f8e724e9ea68af8b355d95) Importer(815301076,1909f56bfc062723c751e8b465ee728b)  -> (artifact id: '6200bdf7fc85202016f89438fde096d2') in 0.002007 seconds
  Import took 0.005822 seconds .

========================================================================
Received Import Request.
  Time since last request: 0.001315 seconds.
  path: Assets/Editor/ContrtollerOverride.cs
  artifactKey: Guid(c66eb47f29f8e724e9ea68af8b355d95) Importer(815301076,1909f56bfc062723c751e8b465ee728b)
Start importing Assets/Editor/ContrtollerOverride.cs using Guid(c66eb47f29f8e724e9ea68af8b355d95) Importer(815301076,1909f56bfc062723c751e8b465ee728b)  -> (artifact id: '6200bdf7fc85202016f89438fde096d2') in 0.002769 seconds
  Import took 0.006307 seconds .

========================================================================
Received Import Request.
  Time since last request: 33.722758 seconds.
  path: Assets/Scenes/GameScene/LightingData.asset
  artifactKey: Guid(194bf37acd440424e83701b2fd2e4d5f) Importer(815301076,1909f56bfc062723c751e8b465ee728b)
Start importing Assets/Scenes/GameScene/LightingData.asset using Guid(194bf37acd440424e83701b2fd2e4d5f) Importer(815301076,1909f56bfc062723c751e8b465ee728b)  -> (artifact id: '920dbd4d41069516b527cedf04ffceb1') in 0.043624 seconds
  Import took 0.045934 seconds .

========================================================================
Received Import Request.
  Time since last request: 0.000355 seconds.
  path: Assets/Scenes/GameScene/Lightmap-0_comp_light.exr
  artifactKey: Guid(0488f6fef7169f245a1d6f8de49c8ea9) Importer(815301076,1909f56bfc062723c751e8b465ee728b)
Start importing Assets/Scenes/GameScene/Lightmap-0_comp_light.exr using Guid(0488f6fef7169f245a1d6f8de49c8ea9) Importer(815301076,1909f56bfc062723c751e8b465ee728b)  -> (artifact id: '2e444741d8bdfbba1366d1d52c786969') in 0.109657 seconds
  Import took 0.113187 seconds .

========================================================================
Received Import Request.
  Time since last request: 0.000323 seconds.
  path: Assets/Scenes/GameScene/Lightmap-0_comp_dir.png
  artifactKey: Guid(966f0808954450243b964e3a498ac2c0) Importer(815301076,1909f56bfc062723c751e8b465ee728b)
Start importing Assets/Scenes/GameScene/Lightmap-0_comp_dir.png using Guid(966f0808954450243b964e3a498ac2c0) Importer(815301076,1909f56bfc062723c751e8b465ee728b)  -> (artifact id: 'cefd1938cda1d21ad65a3501d44972a0') in 0.097959 seconds
  Import took 0.101028 seconds .

========================================================================
Received Import Request.
  Time since last request: 0.000312 seconds.
  path: Assets/Scenes/GameScene/ReflectionProbe-0.exr
  artifactKey: Guid(208450a0c56b04e4d8fc6ed000113db0) Importer(815301076,1909f56bfc062723c751e8b465ee728b)
Start importing Assets/Scenes/GameScene/ReflectionProbe-0.exr using Guid(208450a0c56b04e4d8fc6ed000113db0) Importer(815301076,1909f56bfc062723c751e8b465ee728b)  -> (artifact id: '816dce2ea47c8bacfd07e2bc2ccf7302') in 0.047533 seconds
  Import took 0.050437 seconds .

========================================================================
Received Import Request.
  Time since last request: 16.146692 seconds.
  path: Assets/Character/Scripts/HeroEventsCtrl.cs
  artifactKey: Guid(af360982f42edca4e884c5573af19670) Importer(815301076,1909f56bfc062723c751e8b465ee728b)
Start importing Assets/Character/Scripts/HeroEventsCtrl.cs using Guid(af360982f42edca4e884c5573af19670) Importer(815301076,1909f56bfc062723c751e8b465ee728b)  -> (artifact id: 'db6bcc6b3939beca580d9c32ff9ea627') in 0.003696 seconds
  Import took 0.006331 seconds .

========================================================================
Received Prepare
Registering precompiled user dll's ...
Registered in 0.001166 seconds.
Begin MonoManager ReloadAssembly
Native extension for WindowsStandalone target not found
Refreshing native plugins compatible for Editor in 0.44 ms, found 0 plugins.
Preloading 0 native plugins for Editor in 0.00 ms.
Invoked RoslynAnalysisRunner static constructor.
RoslynAnalysisRunner will not be running.
RoslynAnalysisRunner has terminated.
Mono: successfully reloaded assembly
- Completed reload, in  1.088 seconds
Platform modules already initialized, skipping
Refreshing native plugins compatible for Editor in 0.47 ms, found 0 plugins.
Preloading 0 native plugins for Editor in 0.00 ms.
Unloading 1111 Unused Serialized files (Serialized files now loaded: 0)
System memory in use before: 168.4 MB.
System memory in use after: 168.5 MB.

Unloading 6 unused Assets to reduce memory usage. Loaded Objects now: 1694.
Total: 2.664300 ms (FindLiveObjects: 0.155300 ms CreateObjectMapping: 0.036300 ms MarkObjects: 2.079400 ms  DeleteObjects: 0.392000 ms)

========================================================================
Received Prepare
Registering precompiled user dll's ...
Registered in 0.000843 seconds.
Begin MonoManager ReloadAssembly
Native extension for WindowsStandalone target not found
Refreshing native plugins compatible for Editor in 0.45 ms, found 0 plugins.
Preloading 0 native plugins for Editor in 0.00 ms.
Invoked RoslynAnalysisRunner static constructor.
RoslynAnalysisRunner will not be running.
RoslynAnalysisRunner has terminated.
Mono: successfully reloaded assembly
- Completed reload, in  1.000 seconds
Platform modules already initialized, skipping
Refreshing native plugins compatible for Editor in 0.59 ms, found 0 plugins.
Preloading 0 native plugins for Editor in 0.00 ms.
Unloading 1111 Unused Serialized files (Serialized files now loaded: 0)
System memory in use before: 168.4 MB.
System memory in use after: 168.5 MB.

Unloading 5 unused Assets to reduce memory usage. Loaded Objects now: 1696.
Total: 2.485400 ms (FindLiveObjects: 0.197700 ms CreateObjectMapping: 0.043500 ms MarkObjects: 1.740600 ms  DeleteObjects: 0.502000 ms)

========================================================================
Received Import Request.
  Time since last request: 66.334834 seconds.
  path: Assets/Environment/Buildings/PrefabsLocal/Lantern.prefab
  artifactKey: Guid(5dd8a3521f5a7cd40b7c10183a284531) Importer(815301076,1909f56bfc062723c751e8b465ee728b)
Start importing Assets/Environment/Buildings/PrefabsLocal/Lantern.prefab using Guid(5dd8a3521f5a7cd40b7c10183a284531) Importer(815301076,1909f56bfc062723c751e8b465ee728b)  -> (artifact id: '4a31dd51030a10b913ee59fb63c59865') in 0.071219 seconds
  Import took 0.075061 seconds .

========================================================================
Received Import Request.
  Time since last request: 10.862209 seconds.
  path: Assets/Environment/Terrain/PhysicsMaterials/Bouncy.physicmaterial
  artifactKey: Guid(99e86ee0ad11f8d6d00011d98d76c639) Importer(815301076,1909f56bfc062723c751e8b465ee728b)
Start importing Assets/Environment/Terrain/PhysicsMaterials/Bouncy.physicmaterial using Guid(99e86ee0ad11f8d6d00011d98d76c639) Importer(815301076,1909f56bfc062723c751e8b465ee728b)  -> (artifact id: '27583560fbdfd90cd7ea3d35d19199c7') in 0.004493 seconds
  Import took 0.007371 seconds .

========================================================================
Received Import Request.
  Time since last request: 0.000386 seconds.
  path: Assets/Environment/Terrain/PhysicsMaterials/ZeroFriction.physicMaterial
  artifactKey: Guid(cf63880488ec29f43a759ecd9c6c5123) Importer(815301076,1909f56bfc062723c751e8b465ee728b)
Start importing Assets/Environment/Terrain/PhysicsMaterials/ZeroFriction.physicMaterial using Guid(cf63880488ec29f43a759ecd9c6c5123) Importer(815301076,1909f56bfc062723c751e8b465ee728b)  -> (artifact id: 'e998cc50f3e9f1a47649204cf323cfa4') in 0.004192 seconds
  Import took 0.007433 seconds .

========================================================================
Received Import Request.
  Time since last request: 0.000277 seconds.
  path: Assets/Environment/Terrain/PhysicsMaterials/Metal.physicmaterial
  artifactKey: Guid(67db31eead11e8d6d00011d98d76c639) Importer(815301076,1909f56bfc062723c751e8b465ee728b)
Start importing Assets/Environment/Terrain/PhysicsMaterials/Metal.physicmaterial using Guid(67db31eead11e8d6d00011d98d76c639) Importer(815301076,1909f56bfc062723c751e8b465ee728b)  -> (artifact id: '4d8b205da0a09efc57f34ccd17b89bfc') in 0.022600 seconds
  Import took 0.026139 seconds .

========================================================================
Received Import Request.
  Time since last request: 0.000306 seconds.
  path: Assets/Environment/Terrain/PhysicsMaterials/MaxFriction.physicMaterial
  artifactKey: Guid(ae51c2b8a2d62f74a917726ce1c0af2c) Importer(815301076,1909f56bfc062723c751e8b465ee728b)
Start importing Assets/Environment/Terrain/PhysicsMaterials/MaxFriction.physicMaterial using Guid(ae51c2b8a2d62f74a917726ce1c0af2c) Importer(815301076,1909f56bfc062723c751e8b465ee728b)  -> (artifact id: '768bca81752083b59a7b0fa550888bbf') in 0.002713 seconds
  Import took 0.006105 seconds .

========================================================================
Received Import Request.
  Time since last request: 0.000356 seconds.
  path: Assets/Environment/Terrain/PhysicsMaterials/Ice.physicmaterial
  artifactKey: Guid(5410a64fad11e8d6d00011d98d76c639) Importer(815301076,1909f56bfc062723c751e8b465ee728b)
Start importing Assets/Environment/Terrain/PhysicsMaterials/Ice.physicmaterial using Guid(5410a64fad11e8d6d00011d98d76c639) Importer(815301076,1909f56bfc062723c751e8b465ee728b)  -> (artifact id: '2f47412f502459904a03e272f3f54b78') in 0.002817 seconds
  Import took 0.006181 seconds .

========================================================================
Received Import Request.
  Time since last request: 0.000286 seconds.
  path: Assets/Environment/Terrain/PhysicsMaterials/Rubber.physicmaterial
  artifactKey: Guid(fa9a139ead11e8d6d00011d98d76c639) Importer(815301076,1909f56bfc062723c751e8b465ee728b)
Start importing Assets/Environment/Terrain/PhysicsMaterials/Rubber.physicmaterial using Guid(fa9a139ead11e8d6d00011d98d76c639) Importer(815301076,1909f56bfc062723c751e8b465ee728b)  -> (artifact id: 'd05c4a18ef12427b30c3a98f4e48a32d') in 0.002802 seconds
  Import took 0.006224 seconds .

========================================================================
Received Import Request.
  Time since last request: 0.000282 seconds.
  path: Assets/Environment/Terrain/PhysicsMaterials/Wood.physicmaterial
  artifactKey: Guid(cdf7d3f1ad11f8d6d00011d98d76c639) Importer(815301076,1909f56bfc062723c751e8b465ee728b)
Start importing Assets/Environment/Terrain/PhysicsMaterials/Wood.physicmaterial using Guid(cdf7d3f1ad11f8d6d00011d98d76c639) Importer(815301076,1909f56bfc062723c751e8b465ee728b)  -> (artifact id: '61d4b7d62647cb949dc0f5a03ea43ee6') in 0.002953 seconds
  Import took 0.006055 seconds .

========================================================================
Received Prepare
Registering precompiled user dll's ...
Registered in 0.000887 seconds.
Begin MonoManager ReloadAssembly
Native extension for WindowsStandalone target not found
Refreshing native plugins compatible for Editor in 0.49 ms, found 0 plugins.
Preloading 0 native plugins for Editor in 0.00 ms.
Invoked RoslynAnalysisRunner static constructor.
RoslynAnalysisRunner will not be running.
RoslynAnalysisRunner has terminated.
Mono: successfully reloaded assembly
- Completed reload, in  1.003 seconds
Platform modules already initialized, skipping
Refreshing native plugins compatible for Editor in 0.43 ms, found 0 plugins.
Preloading 0 native plugins for Editor in 0.00 ms.
Unloading 1111 Unused Serialized files (Serialized files now loaded: 0)
System memory in use before: 168.5 MB.
System memory in use after: 168.5 MB.

Unloading 5 unused Assets to reduce memory usage. Loaded Objects now: 1699.
Total: 2.817500 ms (FindLiveObjects: 0.257500 ms CreateObjectMapping: 0.090300 ms MarkObjects: 2.043000 ms  DeleteObjects: 0.425600 ms)

========================================================================
Received Import Request.
  Time since last request: 2102.735730 seconds.
  path: Assets/Character/Scripts/HeroEventsCtrl.cs
  artifactKey: Guid(af360982f42edca4e884c5573af19670) Importer(815301076,1909f56bfc062723c751e8b465ee728b)
Start importing Assets/Character/Scripts/HeroEventsCtrl.cs using Guid(af360982f42edca4e884c5573af19670) Importer(815301076,1909f56bfc062723c751e8b465ee728b)  -> (artifact id: 'c89a93538a277ecf934815f31842d6a6') in 0.005277 seconds
  Import took 0.008668 seconds .

========================================================================
Received Import Request.
  Time since last request: 0.000658 seconds.
  path: Assets/Character/Scripts/HeroEventsCtrl.cs
  artifactKey: Guid(af360982f42edca4e884c5573af19670) Importer(815301076,1909f56bfc062723c751e8b465ee728b)
Start importing Assets/Character/Scripts/HeroEventsCtrl.cs using Guid(af360982f42edca4e884c5573af19670) Importer(815301076,1909f56bfc062723c751e8b465ee728b)  -> (artifact id: 'c89a93538a277ecf934815f31842d6a6') in 0.001680 seconds
  Import took 0.004476 seconds .

========================================================================
Received Prepare
Registering precompiled user dll's ...
Registered in 0.001197 seconds.
Begin MonoManager ReloadAssembly
Native extension for WindowsStandalone target not found
Refreshing native plugins compatible for Editor in 0.43 ms, found 0 plugins.
Preloading 0 native plugins for Editor in 0.00 ms.
Invoked RoslynAnalysisRunner static constructor.
RoslynAnalysisRunner will not be running.
RoslynAnalysisRunner has terminated.
Mono: successfully reloaded assembly
- Completed reload, in  0.952 seconds
Platform modules already initialized, skipping
Refreshing native plugins compatible for Editor in 0.46 ms, found 0 plugins.
Preloading 0 native plugins for Editor in 0.00 ms.
Unloading 1111 Unused Serialized files (Serialized files now loaded: 0)
System memory in use before: 168.5 MB.
System memory in use after: 168.5 MB.

Unloading 5 unused Assets to reduce memory usage. Loaded Objects now: 1701.
Total: 2.584800 ms (FindLiveObjects: 0.166100 ms CreateObjectMapping: 0.036400 ms MarkObjects: 1.973300 ms  DeleteObjects: 0.407800 ms)

========================================================================
Received Import Request.
  Time since last request: 5028.756004 seconds.
  path: Assets/Character/Scripts/HeroEventsCtrl.cs
  artifactKey: Guid(af360982f42edca4e884c5573af19670) Importer(815301076,1909f56bfc062723c751e8b465ee728b)
Start importing Assets/Character/Scripts/HeroEventsCtrl.cs using Guid(af360982f42edca4e884c5573af19670) Importer(815301076,1909f56bfc062723c751e8b465ee728b)  -> (artifact id: 'a5dc4ec0dc15273ab543d6856de408f8') in 0.005467 seconds
  Import took 0.009336 seconds .

========================================================================
Received Import Request.
  Time since last request: 11.485190 seconds.
  path: ProjectSettings/TagManager.asset
  artifactKey: Guid(00000000000000003000000000000000) Importer(815301076,1909f56bfc062723c751e8b465ee728b)
Start importing ProjectSettings/TagManager.asset using Guid(00000000000000003000000000000000) Importer(815301076,1909f56bfc062723c751e8b465ee728b)  -> (artifact id: '0254125127bb6c1770a0705e7c59d584') in 0.015638 seconds
  Import took 0.018298 seconds .

========================================================================
Received Import Request.
  Time since last request: 167.354919 seconds.
  path: Assets/Character/Prefab/Ninja.prefab
  artifactKey: Guid(3ea82a6e1687bb4468c35f386c6e4812) Importer(815301076,1909f56bfc062723c751e8b465ee728b)
Start importing Assets/Character/Prefab/Ninja.prefab using Guid(3ea82a6e1687bb4468c35f386c6e4812) Importer(815301076,1909f56bfc062723c751e8b465ee728b)  -> (artifact id: '6a5ba18fd8c480c076c72043c9b90e97') in 3.926210 seconds
  Import took 3.947509 seconds .

========================================================================
Received Import Request.
  Time since last request: 0.000340 seconds.
  path: Assets/Character/Prefab/Sword.prefab
  artifactKey: Guid(592dbb9148c39424fa9803c7bd12bb39) Importer(815301076,1909f56bfc062723c751e8b465ee728b)
Start importing Assets/Character/Prefab/Sword.prefab using Guid(592dbb9148c39424fa9803c7bd12bb39) Importer(815301076,1909f56bfc062723c751e8b465ee728b)  -> (artifact id: 'df989d6e7b9bf1d3fe0fc727955a24ff') in 0.108170 seconds
  Import took 0.111173 seconds .

========================================================================
Received Import Request.
  Time since last request: 138.106190 seconds.
  path: Assets/Character/Prefab/Sword.prefab
  artifactKey: Guid(592dbb9148c39424fa9803c7bd12bb39) Importer(815301076,1909f56bfc062723c751e8b465ee728b)
Start importing Assets/Character/Prefab/Sword.prefab using Guid(592dbb9148c39424fa9803c7bd12bb39) Importer(815301076,1909f56bfc062723c751e8b465ee728b)  -> (artifact id: 'bddb81177206c14acb3a02fd3098a8c6') in 0.021708 seconds
  Import took 0.037524 seconds .

========================================================================
Received Import Request.
  Time since last request: 52.559239 seconds.
  path: Assets/Character/Prefab/Sword.prefab
  artifactKey: Guid(592dbb9148c39424fa9803c7bd12bb39) Importer(815301076,1909f56bfc062723c751e8b465ee728b)
Start importing Assets/Character/Prefab/Sword.prefab using Guid(592dbb9148c39424fa9803c7bd12bb39) Importer(815301076,1909f56bfc062723c751e8b465ee728b)  -> (artifact id: '4bf420dcd9d0d42bae48f94a945aeb29') in 0.039646 seconds
  Import took 0.043504 seconds .

========================================================================
Received Import Request.
  Time since last request: 92.923004 seconds.
  path: Assets/Environment/Buildings/PrefabsLocal/Lantern.prefab
  artifactKey: Guid(5dd8a3521f5a7cd40b7c10183a284531) Importer(815301076,1909f56bfc062723c751e8b465ee728b)
Start importing Assets/Environment/Buildings/PrefabsLocal/Lantern.prefab using Guid(5dd8a3521f5a7cd40b7c10183a284531) Importer(815301076,1909f56bfc062723c751e8b465ee728b)  -> (artifact id: '13e0ca1e0d81193144dc9294bc0b0b70') in 0.268067 seconds
  Import took 0.271657 seconds .

========================================================================
Received Prepare
Registering precompiled user dll's ...
Registered in 0.000904 seconds.
Begin MonoManager ReloadAssembly
Native extension for WindowsStandalone target not found
Refreshing native plugins compatible for Editor in 0.54 ms, found 0 plugins.
Preloading 0 native plugins for Editor in 0.00 ms.
Invoked RoslynAnalysisRunner static constructor.
RoslynAnalysisRunner will not be running.
RoslynAnalysisRunner has terminated.
Mono: successfully reloaded assembly
- Completed reload, in  1.017 seconds
Platform modules already initialized, skipping
Refreshing native plugins compatible for Editor in 0.44 ms, found 0 plugins.
Preloading 0 native plugins for Editor in 0.00 ms.
Unloading 1111 Unused Serialized files (Serialized files now loaded: 0)
System memory in use before: 168.6 MB.
System memory in use after: 168.6 MB.

Unloading 7 unused Assets to reduce memory usage. Loaded Objects now: 1705.
Total: 2.658000 ms (FindLiveObjects: 0.258900 ms CreateObjectMapping: 0.092500 ms MarkObjects: 1.896200 ms  DeleteObjects: 0.409300 ms)

========================================================================
Received Prepare
Registering precompiled user dll's ...
Registered in 0.001077 seconds.
Begin MonoManager ReloadAssembly
Native extension for WindowsStandalone target not found
Refreshing native plugins compatible for Editor in 0.44 ms, found 0 plugins.
Preloading 0 native plugins for Editor in 0.00 ms.
Invoked RoslynAnalysisRunner static constructor.
RoslynAnalysisRunner will not be running.
RoslynAnalysisRunner has terminated.
Mono: successfully reloaded assembly
- Completed reload, in  1.098 seconds
Platform modules already initialized, skipping
Refreshing native plugins compatible for Editor in 0.47 ms, found 0 plugins.
Preloading 0 native plugins for Editor in 0.00 ms.
Unloading 1111 Unused Serialized files (Serialized files now loaded: 0)
System memory in use before: 168.6 MB.
System memory in use after: 168.6 MB.

Unloading 5 unused Assets to reduce memory usage. Loaded Objects now: 1707.
Total: 2.887600 ms (FindLiveObjects: 0.265700 ms CreateObjectMapping: 0.081800 ms MarkObjects: 2.056000 ms  DeleteObjects: 0.482700 ms)

========================================================================
Received Prepare
Registering precompiled user dll's ...
Registered in 0.000794 seconds.
Begin MonoManager ReloadAssembly
Native extension for WindowsStandalone target not found
Refreshing native plugins compatible for Editor in 0.83 ms, found 0 plugins.
Preloading 0 native plugins for Editor in 0.00 ms.
Invoked RoslynAnalysisRunner static constructor.
RoslynAnalysisRunner will not be running.
RoslynAnalysisRunner has terminated.
Mono: successfully reloaded assembly
- Completed reload, in  1.023 seconds
Platform modules already initialized, skipping
Refreshing native plugins compatible for Editor in 0.44 ms, found 0 plugins.
Preloading 0 native plugins for Editor in 0.00 ms.
Unloading 1111 Unused Serialized files (Serialized files now loaded: 0)
System memory in use before: 168.6 MB.
System memory in use after: 168.6 MB.

Unloading 5 unused Assets to reduce memory usage. Loaded Objects now: 1709.
Total: 3.188700 ms (FindLiveObjects: 0.278300 ms CreateObjectMapping: 0.057700 ms MarkObjects: 2.266400 ms  DeleteObjects: 0.583800 ms)

========================================================================
Received Prepare
Registering precompiled user dll's ...
Registered in 0.000804 seconds.
Begin MonoManager ReloadAssembly
Native extension for WindowsStandalone target not found
Refreshing native plugins compatible for Editor in 0.48 ms, found 0 plugins.
Preloading 0 native plugins for Editor in 0.00 ms.
Invoked RoslynAnalysisRunner static constructor.
RoslynAnalysisRunner will not be running.
RoslynAnalysisRunner has terminated.
Mono: successfully reloaded assembly
- Completed reload, in  1.060 seconds
Platform modules already initialized, skipping
Refreshing native plugins compatible for Editor in 0.47 ms, found 0 plugins.
Preloading 0 native plugins for Editor in 0.00 ms.
Unloading 1111 Unused Serialized files (Serialized files now loaded: 0)
System memory in use before: 168.6 MB.
System memory in use after: 168.6 MB.

Unloading 5 unused Assets to reduce memory usage. Loaded Objects now: 1711.
Total: 2.945400 ms (FindLiveObjects: 0.226600 ms CreateObjectMapping: 0.054300 ms MarkObjects: 2.125000 ms  DeleteObjects: 0.538600 ms)

========================================================================
Received Prepare
Registering precompiled user dll's ...
Registered in 0.000838 seconds.
Begin MonoManager ReloadAssembly
Native extension for WindowsStandalone target not found
Refreshing native plugins compatible for Editor in 0.66 ms, found 0 plugins.
Preloading 0 native plugins for Editor in 0.00 ms.
Invoked RoslynAnalysisRunner static constructor.
RoslynAnalysisRunner will not be running.
RoslynAnalysisRunner has terminated.
Mono: successfully reloaded assembly
- Completed reload, in  0.969 seconds
Platform modules already initialized, skipping
Refreshing native plugins compatible for Editor in 0.44 ms, found 0 plugins.
Preloading 0 native plugins for Editor in 0.00 ms.
Unloading 1111 Unused Serialized files (Serialized files now loaded: 0)
System memory in use before: 168.6 MB.
System memory in use after: 168.6 MB.

Unloading 5 unused Assets to reduce memory usage. Loaded Objects now: 1713.
Total: 2.589800 ms (FindLiveObjects: 0.248300 ms CreateObjectMapping: 0.061700 ms MarkObjects: 1.838800 ms  DeleteObjects: 0.439900 ms)

========================================================================
Received Prepare
Registering precompiled user dll's ...
Registered in 0.001000 seconds.
Begin MonoManager ReloadAssembly
Native extension for WindowsStandalone target not found
Refreshing native plugins compatible for Editor in 0.88 ms, found 0 plugins.
Preloading 0 native plugins for Editor in 0.00 ms.
Invoked RoslynAnalysisRunner static constructor.
RoslynAnalysisRunner will not be running.
RoslynAnalysisRunner has terminated.
Mono: successfully reloaded assembly
- Completed reload, in  1.045 seconds
Platform modules already initialized, skipping
Refreshing native plugins compatible for Editor in 0.44 ms, found 0 plugins.
Preloading 0 native plugins for Editor in 0.00 ms.
Unloading 1111 Unused Serialized files (Serialized files now loaded: 0)
System memory in use before: 168.6 MB.
System memory in use after: 168.6 MB.

Unloading 5 unused Assets to reduce memory usage. Loaded Objects now: 1715.
Total: 2.162600 ms (FindLiveObjects: 0.190300 ms CreateObjectMapping: 0.050000 ms MarkObjects: 1.526800 ms  DeleteObjects: 0.393800 ms)

========================================================================
Received Prepare
Registering precompiled user dll's ...
Registered in 0.000821 seconds.
Begin MonoManager ReloadAssembly
Native extension for WindowsStandalone target not found
Refreshing native plugins compatible for Editor in 0.46 ms, found 0 plugins.
Preloading 0 native plugins for Editor in 0.00 ms.
Invoked RoslynAnalysisRunner static constructor.
RoslynAnalysisRunner will not be running.
RoslynAnalysisRunner has terminated.
Mono: successfully reloaded assembly
- Completed reload, in  1.011 seconds
Platform modules already initialized, skipping
Refreshing native plugins compatible for Editor in 0.50 ms, found 0 plugins.
Preloading 0 native plugins for Editor in 0.00 ms.
Unloading 1111 Unused Serialized files (Serialized files now loaded: 0)
System memory in use before: 168.6 MB.
System memory in use after: 168.6 MB.

Unloading 5 unused Assets to reduce memory usage. Loaded Objects now: 1717.
Total: 2.708400 ms (FindLiveObjects: 0.164100 ms CreateObjectMapping: 0.035500 ms MarkObjects: 1.993700 ms  DeleteObjects: 0.513800 ms)

========================================================================
Received Prepare
Registering precompiled user dll's ...
Registered in 0.001348 seconds.
Begin MonoManager ReloadAssembly
Native extension for WindowsStandalone target not found
Refreshing native plugins compatible for Editor in 0.49 ms, found 0 plugins.
Preloading 0 native plugins for Editor in 0.00 ms.
Invoked RoslynAnalysisRunner static constructor.
RoslynAnalysisRunner will not be running.
RoslynAnalysisRunner has terminated.
Mono: successfully reloaded assembly
- Completed reload, in  1.083 seconds
Platform modules already initialized, skipping
Refreshing native plugins compatible for Editor in 0.45 ms, found 0 plugins.
Preloading 0 native plugins for Editor in 0.00 ms.
Unloading 1111 Unused Serialized files (Serialized files now loaded: 0)
System memory in use before: 168.6 MB.
System memory in use after: 168.7 MB.

Unloading 5 unused Assets to reduce memory usage. Loaded Objects now: 1719.
Total: 2.308000 ms (FindLiveObjects: 0.175200 ms CreateObjectMapping: 0.035600 ms MarkObjects: 1.723500 ms  DeleteObjects: 0.372500 ms)

========================================================================
Received Prepare
Registering precompiled user dll's ...
Registered in 0.001275 seconds.
Begin MonoManager ReloadAssembly
Native extension for WindowsStandalone target not found
Refreshing native plugins compatible for Editor in 0.51 ms, found 0 plugins.
Preloading 0 native plugins for Editor in 0.00 ms.
Invoked RoslynAnalysisRunner static constructor.
RoslynAnalysisRunner will not be running.
RoslynAnalysisRunner has terminated.
Mono: successfully reloaded assembly
- Completed reload, in  0.947 seconds
Platform modules already initialized, skipping
Refreshing native plugins compatible for Editor in 0.50 ms, found 0 plugins.
Preloading 0 native plugins for Editor in 0.00 ms.
Unloading 1111 Unused Serialized files (Serialized files now loaded: 0)
System memory in use before: 168.6 MB.
System memory in use after: 168.7 MB.

Unloading 5 unused Assets to reduce memory usage. Loaded Objects now: 1721.
Total: 2.493500 ms (FindLiveObjects: 0.140600 ms CreateObjectMapping: 0.035100 ms MarkObjects: 1.942700 ms  DeleteObjects: 0.373900 ms)

========================================================================
Received Import Request.
  Time since last request: 2042.177440 seconds.
  path: Assets/Environment/Buildings/PrefabsLocal/Lantern.prefab
  artifactKey: Guid(5dd8a3521f5a7cd40b7c10183a284531) Importer(815301076,1909f56bfc062723c751e8b465ee728b)
Start importing Assets/Environment/Buildings/PrefabsLocal/Lantern.prefab using Guid(5dd8a3521f5a7cd40b7c10183a284531) Importer(815301076,1909f56bfc062723c751e8b465ee728b)  -> (artifact id: '26f058bdb137512a983b8b2723c8cd97') in 0.124438 seconds
  Import took 0.128261 seconds .

========================================================================
Received Prepare
Registering precompiled user dll's ...
Registered in 0.000964 seconds.
Begin MonoManager ReloadAssembly
Native extension for WindowsStandalone target not found
Refreshing native plugins compatible for Editor in 0.51 ms, found 0 plugins.
Preloading 0 native plugins for Editor in 0.00 ms.
Invoked RoslynAnalysisRunner static constructor.
RoslynAnalysisRunner will not be running.
RoslynAnalysisRunner has terminated.
Mono: successfully reloaded assembly
- Completed reload, in  1.031 seconds
Platform modules already initialized, skipping
Refreshing native plugins compatible for Editor in 0.52 ms, found 0 plugins.
Preloading 0 native plugins for Editor in 0.00 ms.
Unloading 1111 Unused Serialized files (Serialized files now loaded: 0)
System memory in use before: 168.6 MB.
System memory in use after: 168.7 MB.

Unloading 5 unused Assets to reduce memory usage. Loaded Objects now: 1724.
Total: 2.708300 ms (FindLiveObjects: 0.168900 ms CreateObjectMapping: 0.040400 ms MarkObjects: 2.104500 ms  DeleteObjects: 0.393400 ms)

========================================================================
Received Import Request.
  Time since last request: 36.322830 seconds.
  path: Assets/Environment/Buildings/PrefabsLocal/Lantern.prefab
  artifactKey: Guid(5dd8a3521f5a7cd40b7c10183a284531) Importer(815301076,1909f56bfc062723c751e8b465ee728b)
Start importing Assets/Environment/Buildings/PrefabsLocal/Lantern.prefab using Guid(5dd8a3521f5a7cd40b7c10183a284531) Importer(815301076,1909f56bfc062723c751e8b465ee728b)  -> (artifact id: 'e98a2dfff771cf9b964b8f562889763c') in 0.078848 seconds
  Import took 0.081780 seconds .

========================================================================
Received Import Request.
  Time since last request: 0.097704 seconds.
  path: Assets/Environment/Buildings/PrefabsLocal/Lantern.prefab
  artifactKey: Guid(5dd8a3521f5a7cd40b7c10183a284531) Importer(815301076,1909f56bfc062723c751e8b465ee728b)
Start importing Assets/Environment/Buildings/PrefabsLocal/Lantern.prefab using Guid(5dd8a3521f5a7cd40b7c10183a284531) Importer(815301076,1909f56bfc062723c751e8b465ee728b)  -> (artifact id: 'e98a2dfff771cf9b964b8f562889763c') in 0.013762 seconds
  Import took 0.016621 seconds .

========================================================================
Received Prepare
Registering precompiled user dll's ...
Registered in 0.001234 seconds.
Begin MonoManager ReloadAssembly
Native extension for WindowsStandalone target not found
Refreshing native plugins compatible for Editor in 0.45 ms, found 0 plugins.
Preloading 0 native plugins for Editor in 0.00 ms.
Invoked RoslynAnalysisRunner static constructor.
RoslynAnalysisRunner will not be running.
RoslynAnalysisRunner has terminated.
Mono: successfully reloaded assembly
- Completed reload, in  1.014 seconds
Platform modules already initialized, skipping
Refreshing native plugins compatible for Editor in 0.48 ms, found 0 plugins.
Preloading 0 native plugins for Editor in 0.00 ms.
Unloading 1111 Unused Serialized files (Serialized files now loaded: 0)
System memory in use before: 168.6 MB.
System memory in use after: 168.7 MB.

Unloading 5 unused Assets to reduce memory usage. Loaded Objects now: 1727.
Total: 2.170300 ms (FindLiveObjects: 0.164900 ms CreateObjectMapping: 0.036700 ms MarkObjects: 1.585400 ms  DeleteObjects: 0.382100 ms)

========================================================================
Received Prepare
Registering precompiled user dll's ...
Registered in 0.001200 seconds.
Begin MonoManager ReloadAssembly
Native extension for WindowsStandalone target not found
Refreshing native plugins compatible for Editor in 0.42 ms, found 0 plugins.
Preloading 0 native plugins for Editor in 0.00 ms.
Invoked RoslynAnalysisRunner static constructor.
RoslynAnalysisRunner will not be running.
RoslynAnalysisRunner has terminated.
Mono: successfully reloaded assembly
- Completed reload, in  0.895 seconds
Platform modules already initialized, skipping
Refreshing native plugins compatible for Editor in 0.47 ms, found 0 plugins.
Preloading 0 native plugins for Editor in 0.00 ms.
Unloading 1111 Unused Serialized files (Serialized files now loaded: 0)
System memory in use before: 168.6 MB.
System memory in use after: 168.7 MB.

Unloading 5 unused Assets to reduce memory usage. Loaded Objects now: 1729.
Total: 2.553700 ms (FindLiveObjects: 0.185200 ms CreateObjectMapping: 0.052000 ms MarkObjects: 1.947600 ms  DeleteObjects: 0.367300 ms)

========================================================================
Received Import Request.
  Time since last request: 156.306767 seconds.
  path: Assets/Environment/Buildings/PrefabsLocal/Lantern.prefab
  artifactKey: Guid(5dd8a3521f5a7cd40b7c10183a284531) Importer(815301076,1909f56bfc062723c751e8b465ee728b)
Start importing Assets/Environment/Buildings/PrefabsLocal/Lantern.prefab using Guid(5dd8a3521f5a7cd40b7c10183a284531) Importer(815301076,1909f56bfc062723c751e8b465ee728b)  -> (artifact id: '925817f94c43036ce9369b41a1fbc2cb') in 0.070835 seconds
  Import took 0.073806 seconds .

========================================================================
Received Prepare
Registering precompiled user dll's ...
Registered in 0.001099 seconds.
Begin MonoManager ReloadAssembly
Native extension for WindowsStandalone target not found
Refreshing native plugins compatible for Editor in 0.63 ms, found 0 plugins.
Preloading 0 native plugins for Editor in 0.00 ms.
Invoked RoslynAnalysisRunner static constructor.
RoslynAnalysisRunner will not be running.
RoslynAnalysisRunner has terminated.
Mono: successfully reloaded assembly
- Completed reload, in  1.602 seconds
Platform modules already initialized, skipping
Refreshing native plugins compatible for Editor in 0.56 ms, found 0 plugins.
Preloading 0 native plugins for Editor in 0.00 ms.
Unloading 1111 Unused Serialized files (Serialized files now loaded: 0)
System memory in use before: 168.6 MB.
System memory in use after: 168.7 MB.

Unloading 5 unused Assets to reduce memory usage. Loaded Objects now: 1732.
Total: 4.557700 ms (FindLiveObjects: 0.193500 ms CreateObjectMapping: 0.053000 ms MarkObjects: 3.329400 ms  DeleteObjects: 0.980200 ms)

========================================================================
Received Prepare
Registering precompiled user dll's ...
Registered in 0.000861 seconds.
Begin MonoManager ReloadAssembly
Native extension for WindowsStandalone target not found
Refreshing native plugins compatible for Editor in 0.73 ms, found 0 plugins.
Preloading 0 native plugins for Editor in 0.00 ms.
Invoked RoslynAnalysisRunner static constructor.
RoslynAnalysisRunner will not be running.
RoslynAnalysisRunner has terminated.
Mono: successfully reloaded assembly
- Completed reload, in  0.943 seconds
Platform modules already initialized, skipping
Refreshing native plugins compatible for Editor in 0.44 ms, found 0 plugins.
Preloading 0 native plugins for Editor in 0.00 ms.
Unloading 1111 Unused Serialized files (Serialized files now loaded: 0)
System memory in use before: 168.6 MB.
System memory in use after: 168.7 MB.

Unloading 5 unused Assets to reduce memory usage. Loaded Objects now: 1734.
Total: 2.502600 ms (FindLiveObjects: 0.204600 ms CreateObjectMapping: 0.041200 ms MarkObjects: 1.887600 ms  DeleteObjects: 0.367400 ms)

========================================================================
Received Import Request.
  Time since last request: 314.033111 seconds.
  path: Assets/Environment/Buildings/PrefabsLocal/Lantern.prefab
  artifactKey: Guid(5dd8a3521f5a7cd40b7c10183a284531) Importer(815301076,1909f56bfc062723c751e8b465ee728b)
Start importing Assets/Environment/Buildings/PrefabsLocal/Lantern.prefab using Guid(5dd8a3521f5a7cd40b7c10183a284531) Importer(815301076,1909f56bfc062723c751e8b465ee728b)  -> (artifact id: '04e43419c86d9cb2bb8d0d5bfc895b5c') in 0.096921 seconds
  Import took 0.101242 seconds .

========================================================================
Received Prepare
Registering precompiled user dll's ...
Registered in 0.000811 seconds.
Begin MonoManager ReloadAssembly
Native extension for WindowsStandalone target not found
Refreshing native plugins compatible for Editor in 0.43 ms, found 0 plugins.
Preloading 0 native plugins for Editor in 0.00 ms.
Invoked RoslynAnalysisRunner static constructor.
RoslynAnalysisRunner will not be running.
RoslynAnalysisRunner has terminated.
Mono: successfully reloaded assembly
- Completed reload, in  0.915 seconds
Platform modules already initialized, skipping
Refreshing native plugins compatible for Editor in 0.48 ms, found 0 plugins.
Preloading 0 native plugins for Editor in 0.00 ms.
Unloading 1111 Unused Serialized files (Serialized files now loaded: 0)
System memory in use before: 168.6 MB.
System memory in use after: 168.7 MB.

Unloading 5 unused Assets to reduce memory usage. Loaded Objects now: 1737.
Total: 3.087400 ms (FindLiveObjects: 0.249100 ms CreateObjectMapping: 0.040300 ms MarkObjects: 2.002700 ms  DeleteObjects: 0.794100 ms)

========================================================================
Received Import Request.
  Time since last request: 91.175229 seconds.
  path: Assets/Environment/Buildings/PrefabsLocal/Lantern.prefab
  artifactKey: Guid(5dd8a3521f5a7cd40b7c10183a284531) Importer(815301076,1909f56bfc062723c751e8b465ee728b)
Start importing Assets/Environment/Buildings/PrefabsLocal/Lantern.prefab using Guid(5dd8a3521f5a7cd40b7c10183a284531) Importer(815301076,1909f56bfc062723c751e8b465ee728b)  -> (artifact id: '162aabb679c6204720092895ea6db3ac') in 0.137130 seconds
  Import took 0.141310 seconds .

========================================================================
Received Prepare
Registering precompiled user dll's ...
Registered in 0.001498 seconds.
Begin MonoManager ReloadAssembly
Native extension for WindowsStandalone target not found
Refreshing native plugins compatible for Editor in 0.59 ms, found 0 plugins.
Preloading 0 native plugins for Editor in 0.00 ms.
Invoked RoslynAnalysisRunner static constructor.
RoslynAnalysisRunner will not be running.
RoslynAnalysisRunner has terminated.
Mono: successfully reloaded assembly
- Completed reload, in  0.999 seconds
Platform modules already initialized, skipping
Refreshing native plugins compatible for Editor in 0.45 ms, found 0 plugins.
Preloading 0 native plugins for Editor in 0.00 ms.
Unloading 1111 Unused Serialized files (Serialized files now loaded: 0)
System memory in use before: 168.6 MB.
System memory in use after: 168.7 MB.

Unloading 5 unused Assets to reduce memory usage. Loaded Objects now: 1740.
Total: 2.872200 ms (FindLiveObjects: 0.158800 ms CreateObjectMapping: 0.036700 ms MarkObjects: 2.315600 ms  DeleteObjects: 0.359700 ms)

========================================================================
Received Import Request.
  Time since last request: 270.003263 seconds.
  path: Assets/Character/Prefab/Ninja.prefab
  artifactKey: Guid(3ea82a6e1687bb4468c35f386c6e4812) Importer(815301076,1909f56bfc062723c751e8b465ee728b)
Start importing Assets/Character/Prefab/Ninja.prefab using Guid(3ea82a6e1687bb4468c35f386c6e4812) Importer(815301076,1909f56bfc062723c751e8b465ee728b)  -> (artifact id: 'c26bba5a04f8148a15432fd304dd3320') in 0.442301 seconds
  Import took 0.466203 seconds .

AssetImportWorkerClient::OnTransportError - code=2 error=End of file
