Using pre-set license
Built from '2020.2/release' branch; Version is '2020.2.1f1 (270dd8c3da1c) revision 2559448'; Using compiler version '192528614'; Build Type 'Release'
OS: 'Windows 10  (10.0.0) 64bit' Language: 'ru' Physical Memory: 16340 MB
BatchMode: 1, IsHumanControllingUs: 0, StartBugReporterOnCrash: 0, Is64bit: 1, IsPro: 0

 COMMAND LINE ARGUMENTS:
C:\Program Files\Unity\Hub\Editor\2020.2.1f1\Editor\Unity.exe
-adb2
-batchMode
-noUpm
-name
AssetImportWorker0
-projectPath
D:/Unity/MyLand
-logFile
Logs/AssetImportWorker0.log
-srvPort
60425
Successfully changed project path to: D:/Unity/MyLand
D:/Unity/MyLand
Using Asset Import Pipeline V2.
Refreshing native plugins compatible for Editor in 48.77 ms, found 0 plugins.
Preloading 0 native plugins for Editor in 0.00 ms.
Initialize engine version: 2020.2.1f1 (270dd8c3da1c)
[Subsystems] Discovering subsystems at path C:/Program Files/Unity/Hub/Editor/2020.2.1f1/Editor/Data/Resources/UnitySubsystems
[Subsystems] Discovering subsystems at path D:/Unity/MyLand/Assets
GfxDevice: creating device client; threaded=0
Direct3D:
    Version:  Direct3D 11.0 [level 11.1]
    Renderer: NVIDIA GeForce GTX 1070 (ID=0x1be1)
    Vendor:   
    VRAM:     8081 MB
    Driver:   27.21.14.6140
Initialize mono
Mono path[0] = 'C:/Program Files/Unity/Hub/Editor/2020.2.1f1/Editor/Data/Managed'
Mono path[1] = 'C:/Program Files/Unity/Hub/Editor/2020.2.1f1/Editor/Data/MonoBleedingEdge/lib/mono/unityjit'
Mono config path = 'C:/Program Files/Unity/Hub/Editor/2020.2.1f1/Editor/Data/MonoBleedingEdge/etc'
Using monoOptions --debugger-agent=transport=dt_socket,embedding=1,server=y,suspend=n,address=127.0.0.1:56420
Begin MonoManager ReloadAssembly
Registering precompiled unity dll's ...
Register platform support module: C:/Program Files/Unity/Hub/Editor/2020.2.1f1/Editor/Data/PlaybackEngines/WindowsStandaloneSupport/UnityEditor.WindowsStandalone.Extensions.dll
Registered in 0.002155 seconds.
Native extension for WindowsStandalone target not found
Refreshing native plugins compatible for Editor in 61.35 ms, found 0 plugins.
Preloading 0 native plugins for Editor in 0.00 ms.
Invoked RoslynAnalysisRunner static constructor.
RoslynAnalysisRunner will not be running.
RoslynAnalysisRunner has terminated.
Mono: successfully reloaded assembly
- Completed reload, in  1.289 seconds
Platform modules already initialized, skipping
Registering precompiled user dll's ...
Registered in 0.000748 seconds.
Begin MonoManager ReloadAssembly
Native extension for WindowsStandalone target not found
Refreshing native plugins compatible for Editor in 0.48 ms, found 0 plugins.
Preloading 0 native plugins for Editor in 0.00 ms.
Invoked RoslynAnalysisRunner static constructor.
RoslynAnalysisRunner will not be running.
RoslynAnalysisRunner has terminated.
Mono: successfully reloaded assembly
- Completed reload, in  1.143 seconds
Platform modules already initialized, skipping
========================================================================
Worker process is ready to serve import requests
Launched and connected shader compiler UnityShaderCompiler.exe after 0.07 seconds
Refreshing native plugins compatible for Editor in 0.42 ms, found 0 plugins.
Preloading 0 native plugins for Editor in 0.00 ms.
Unloading 1121 Unused Serialized files (Serialized files now loaded: 0)
System memory in use before: 162.3 MB.
System memory in use after: 162.3 MB.

Unloading 10 unused Assets to reduce memory usage. Loaded Objects now: 1611.
Total: 2.366800 ms (FindLiveObjects: 0.187800 ms CreateObjectMapping: 0.073000 ms MarkObjects: 1.632800 ms  DeleteObjects: 0.471900 ms)

========================================================================
Received Import Request.
  path: Assets/Scenes/GameScene.unity
  artifactKey: Guid(9fc0d4010bbf28b4594072e72b8655ab) Importer(815301076,1909f56bfc062723c751e8b465ee728b)
Start importing Assets/Scenes/GameScene.unity using Guid(9fc0d4010bbf28b4594072e72b8655ab) Importer(815301076,1909f56bfc062723c751e8b465ee728b)  -> (artifact id: '8b91a7afa7571894fccd0c46bda7908a') in 0.015016 seconds
  Import took 0.017831 seconds .

========================================================================
Received Prepare
Registering precompiled user dll's ...
Registered in 0.000886 seconds.
Begin MonoManager ReloadAssembly
Native extension for WindowsStandalone target not found
Refreshing native plugins compatible for Editor in 0.46 ms, found 0 plugins.
Preloading 0 native plugins for Editor in 0.00 ms.
Invoked RoslynAnalysisRunner static constructor.
RoslynAnalysisRunner will not be running.
RoslynAnalysisRunner has terminated.
Mono: successfully reloaded assembly
- Completed reload, in  0.871 seconds
Platform modules already initialized, skipping
Refreshing native plugins compatible for Editor in 0.56 ms, found 0 plugins.
Preloading 0 native plugins for Editor in 0.00 ms.
Unloading 1109 Unused Serialized files (Serialized files now loaded: 0)
System memory in use before: 162.6 MB.
System memory in use after: 162.6 MB.

Unloading 5 unused Assets to reduce memory usage. Loaded Objects now: 1613.
Total: 2.287200 ms (FindLiveObjects: 0.147100 ms CreateObjectMapping: 0.038400 ms MarkObjects: 1.744300 ms  DeleteObjects: 0.355500 ms)

========================================================================
Received Import Request.
  Time since last request: 1630.533455 seconds.
  path: Assets/Scripts/LightSettings.cs
  artifactKey: Guid(3f312985d3521fd4eba472824128abf4) Importer(815301076,1909f56bfc062723c751e8b465ee728b)
Start importing Assets/Scripts/LightSettings.cs using Guid(3f312985d3521fd4eba472824128abf4) Importer(815301076,1909f56bfc062723c751e8b465ee728b)  -> (artifact id: 'dcc521b97834a23a57ef4dbcf73c292b') in 0.040862 seconds
  Import took 0.044200 seconds .

========================================================================
Received Prepare
Registering precompiled user dll's ...
Registered in 0.000837 seconds.
Begin MonoManager ReloadAssembly
Native extension for WindowsStandalone target not found
Refreshing native plugins compatible for Editor in 0.42 ms, found 0 plugins.
Preloading 0 native plugins for Editor in 0.00 ms.
Invoked RoslynAnalysisRunner static constructor.
RoslynAnalysisRunner will not be running.
RoslynAnalysisRunner has terminated.
Mono: successfully reloaded assembly
- Completed reload, in  0.976 seconds
Platform modules already initialized, skipping
Refreshing native plugins compatible for Editor in 0.46 ms, found 0 plugins.
Preloading 0 native plugins for Editor in 0.00 ms.
Unloading 1110 Unused Serialized files (Serialized files now loaded: 0)
System memory in use before: 162.6 MB.
System memory in use after: 162.7 MB.

Unloading 5 unused Assets to reduce memory usage. Loaded Objects now: 1616.
Total: 3.127500 ms (FindLiveObjects: 0.155500 ms CreateObjectMapping: 0.048800 ms MarkObjects: 2.125700 ms  DeleteObjects: 0.795900 ms)

========================================================================
Received Prepare
Registering precompiled user dll's ...
Registered in 0.000940 seconds.
Begin MonoManager ReloadAssembly
Native extension for WindowsStandalone target not found
Refreshing native plugins compatible for Editor in 0.47 ms, found 0 plugins.
Preloading 0 native plugins for Editor in 0.00 ms.
Invoked RoslynAnalysisRunner static constructor.
RoslynAnalysisRunner will not be running.
RoslynAnalysisRunner has terminated.
Mono: successfully reloaded assembly
- Completed reload, in  1.037 seconds
Platform modules already initialized, skipping
Refreshing native plugins compatible for Editor in 0.50 ms, found 0 plugins.
Preloading 0 native plugins for Editor in 0.00 ms.
Unloading 1110 Unused Serialized files (Serialized files now loaded: 0)
System memory in use before: 162.7 MB.
System memory in use after: 162.7 MB.

Unloading 5 unused Assets to reduce memory usage. Loaded Objects now: 1618.
Total: 2.038500 ms (FindLiveObjects: 0.124700 ms CreateObjectMapping: 0.031000 ms MarkObjects: 1.517500 ms  DeleteObjects: 0.364400 ms)

========================================================================
Received Prepare
Registering precompiled user dll's ...
Registered in 0.000800 seconds.
Begin MonoManager ReloadAssembly
Native extension for WindowsStandalone target not found
Refreshing native plugins compatible for Editor in 0.45 ms, found 0 plugins.
Preloading 0 native plugins for Editor in 0.00 ms.
Invoked RoslynAnalysisRunner static constructor.
RoslynAnalysisRunner will not be running.
RoslynAnalysisRunner has terminated.
Mono: successfully reloaded assembly
- Completed reload, in  0.967 seconds
Platform modules already initialized, skipping
Refreshing native plugins compatible for Editor in 0.44 ms, found 0 plugins.
Preloading 0 native plugins for Editor in 0.00 ms.
Unloading 1110 Unused Serialized files (Serialized files now loaded: 0)
System memory in use before: 162.7 MB.
System memory in use after: 162.7 MB.

Unloading 5 unused Assets to reduce memory usage. Loaded Objects now: 1620.
Total: 2.322400 ms (FindLiveObjects: 0.182900 ms CreateObjectMapping: 0.062400 ms MarkObjects: 1.699900 ms  DeleteObjects: 0.375900 ms)

========================================================================
Received Prepare
Registering precompiled user dll's ...
Registered in 0.000984 seconds.
Begin MonoManager ReloadAssembly
Native extension for WindowsStandalone target not found
Refreshing native plugins compatible for Editor in 0.49 ms, found 0 plugins.
Preloading 0 native plugins for Editor in 0.00 ms.
Invoked RoslynAnalysisRunner static constructor.
RoslynAnalysisRunner will not be running.
RoslynAnalysisRunner has terminated.
Mono: successfully reloaded assembly
- Completed reload, in  1.042 seconds
Platform modules already initialized, skipping
Refreshing native plugins compatible for Editor in 0.68 ms, found 0 plugins.
Preloading 0 native plugins for Editor in 0.00 ms.
Unloading 1110 Unused Serialized files (Serialized files now loaded: 0)
System memory in use before: 162.7 MB.
System memory in use after: 162.8 MB.

Unloading 5 unused Assets to reduce memory usage. Loaded Objects now: 1622.
Total: 2.961000 ms (FindLiveObjects: 0.241900 ms CreateObjectMapping: 0.071700 ms MarkObjects: 2.231600 ms  DeleteObjects: 0.414400 ms)

========================================================================
Received Prepare
Registering precompiled user dll's ...
Registered in 0.001182 seconds.
Begin MonoManager ReloadAssembly
Native extension for WindowsStandalone target not found
Refreshing native plugins compatible for Editor in 0.44 ms, found 0 plugins.
Preloading 0 native plugins for Editor in 0.00 ms.
Invoked RoslynAnalysisRunner static constructor.
RoslynAnalysisRunner will not be running.
RoslynAnalysisRunner has terminated.
Mono: successfully reloaded assembly
- Completed reload, in  0.999 seconds
Platform modules already initialized, skipping
Refreshing native plugins compatible for Editor in 0.47 ms, found 0 plugins.
Preloading 0 native plugins for Editor in 0.00 ms.
Unloading 1110 Unused Serialized files (Serialized files now loaded: 0)
System memory in use before: 162.7 MB.
System memory in use after: 162.8 MB.

Unloading 5 unused Assets to reduce memory usage. Loaded Objects now: 1624.
Total: 2.679300 ms (FindLiveObjects: 0.253600 ms CreateObjectMapping: 0.054300 ms MarkObjects: 1.919800 ms  DeleteObjects: 0.449600 ms)

========================================================================
Received Import Request.
  Time since last request: 1609.706760 seconds.
  path: Assets/Без названия.png
  artifactKey: Guid(e0f3f9dd0ef5d6f459b78e398a6468bd) Importer(815301076,1909f56bfc062723c751e8b465ee728b)
Start importing Assets/Без названия.png using Guid(e0f3f9dd0ef5d6f459b78e398a6468bd) Importer(815301076,1909f56bfc062723c751e8b465ee728b)  -> (artifact id: 'a7b76ff3244363f691f3a633e50f51bb') in 0.088885 seconds
  Import took 0.093016 seconds .

========================================================================
Received Import Request.
  Time since last request: 14.383198 seconds.
  path: Assets/rigCookie.png
  artifactKey: Guid(e0f3f9dd0ef5d6f459b78e398a6468bd) Importer(815301076,1909f56bfc062723c751e8b465ee728b)
Start importing Assets/rigCookie.png using Guid(e0f3f9dd0ef5d6f459b78e398a6468bd) Importer(815301076,1909f56bfc062723c751e8b465ee728b)  -> (artifact id: '15cd7f8465bfda9d6ad0a63ceef559fe') in 0.027202 seconds
  Import took 0.029653 seconds .

========================================================================
Received Import Request.
  Time since last request: 77.029822 seconds.
  path: Assets/rigCookie 1.png
  artifactKey: Guid(968d92f6e5aa48c4dbecb4717ece1e44) Importer(815301076,1909f56bfc062723c751e8b465ee728b)
Start importing Assets/rigCookie 1.png using Guid(968d92f6e5aa48c4dbecb4717ece1e44) Importer(815301076,1909f56bfc062723c751e8b465ee728b)  -> (artifact id: 'cf561598bd092bf64354bf2124aa558c') in 0.009884 seconds
  Import took 0.012727 seconds .

========================================================================
Received Import Request.
  Time since last request: 0.002711 seconds.
  path: Assets/rigCookie 1.png
  artifactKey: Guid(968d92f6e5aa48c4dbecb4717ece1e44) Importer(815301076,1909f56bfc062723c751e8b465ee728b)
Start importing Assets/rigCookie 1.png using Guid(968d92f6e5aa48c4dbecb4717ece1e44) Importer(815301076,1909f56bfc062723c751e8b465ee728b)  -> (artifact id: 'cf561598bd092bf64354bf2124aa558c') in 0.020826 seconds
  Import took 0.023030 seconds .

========================================================================
Received Import Request.
  Time since last request: 70.901118 seconds.
  path: Assets/rigCookie 1.png
  artifactKey: Guid(968d92f6e5aa48c4dbecb4717ece1e44) Importer(815301076,1909f56bfc062723c751e8b465ee728b)
Start importing Assets/rigCookie 1.png using Guid(968d92f6e5aa48c4dbecb4717ece1e44) Importer(815301076,1909f56bfc062723c751e8b465ee728b)  -> (artifact id: '81fefe083fffcc4cff271b1801929ffa') in 0.052591 seconds
  Import took 0.055551 seconds .

========================================================================
Received Import Request.
  Time since last request: 12.367551 seconds.
  path: Assets/rigCookie.png
  artifactKey: Guid(968d92f6e5aa48c4dbecb4717ece1e44) Importer(815301076,1909f56bfc062723c751e8b465ee728b)
Start importing Assets/rigCookie.png using Guid(968d92f6e5aa48c4dbecb4717ece1e44) Importer(815301076,1909f56bfc062723c751e8b465ee728b)  -> (artifact id: 'eabc018a978035a8054bdfa86913e2e0') in 0.011397 seconds
  Import took 0.014075 seconds .

========================================================================
Received Import Request.
  Time since last request: 0.003662 seconds.
  path: Assets/rigCookie.png
  artifactKey: Guid(968d92f6e5aa48c4dbecb4717ece1e44) Importer(815301076,1909f56bfc062723c751e8b465ee728b)
Start importing Assets/rigCookie.png using Guid(968d92f6e5aa48c4dbecb4717ece1e44) Importer(815301076,1909f56bfc062723c751e8b465ee728b)  -> (artifact id: 'eabc018a978035a8054bdfa86913e2e0') in 0.009482 seconds
  Import took 0.013435 seconds .

========================================================================
Received Import Request.
  Time since last request: 163.545865 seconds.
  path: Assets/Buildings/PrefabsLocal/Lantern.prefab
  artifactKey: Guid(5dd8a3521f5a7cd40b7c10183a284531) Importer(815301076,1909f56bfc062723c751e8b465ee728b)
Start importing Assets/Buildings/PrefabsLocal/Lantern.prefab using Guid(5dd8a3521f5a7cd40b7c10183a284531) Importer(815301076,1909f56bfc062723c751e8b465ee728b)  -> (artifact id: 'c255235207096606cc5ae24084228dfd') in 0.072260 seconds
  Import took 0.075745 seconds .

========================================================================
Received Import Request.
  Time since last request: 33.203111 seconds.
  path: Assets/Buildings/Objects/Addons/prefabs/Lantern1.prefab
  artifactKey: Guid(4444bb81c8b071c40a7d78c612b6111e) Importer(815301076,1909f56bfc062723c751e8b465ee728b)
Start importing Assets/Buildings/Objects/Addons/prefabs/Lantern1.prefab using Guid(4444bb81c8b071c40a7d78c612b6111e) Importer(815301076,1909f56bfc062723c751e8b465ee728b)  -> (artifact id: 'c0ae27421b1400fdd8e5feb1f630abe5') in 0.044619 seconds
  Import took 0.047699 seconds .

AssetImportWorkerClient::OnTransportError - code=2 error=End of file
